<?xml version="1.0" encoding="UTF-8"?>
<!-- Generated by org.testng.reporters.JUnitXMLReporter -->
<testsuite hostname="SDMMAC-F60.local" name="ICIX Test For sdd" tests="2" failures="0" timestamp="30 Aug 2017 12:35:29 GMT" time="38.665" errors="0">
  <testcase name="@BeforeClass beforeClass" time="0.0" classname="icix.Tests.TC10781_Test">
    <failure type="java.lang.RuntimeException" message="org.openqa.selenium.NoSuchElementException: Unable to locate element with ID: available-downloads
For documentation on this error, please visit: http://seleniumhq.org/exceptions/no_such_element.html
Build info: version: &amp;apos;2.53.1&amp;apos;, revision: &amp;apos;a36b8b1cd5757287168e54b817830adce9b0158d&amp;apos;, time: &amp;apos;2016-06-30 19:26:09&amp;apos;
System info: host: &amp;apos;SDMMAC-F60.local&amp;apos;, ip: &amp;apos;172.24.3.181&amp;apos;, os.name: &amp;apos;Mac OS X&amp;apos;, os.arch: &amp;apos;x86_64&amp;apos;, os.version: &amp;apos;10.10.5&amp;apos;, java.version: &amp;apos;1.8.0_60&amp;apos;
Driver info: driver.version: HtmlUnitDriver">
      <![CDATA[java.lang.RuntimeException: org.openqa.selenium.NoSuchElementException: Unable to locate element with ID: available-downloads
For documentation on this error, please visit: http://seleniumhq.org/exceptions/no_such_element.html
Build info: version: '2.53.1', revision: 'a36b8b1cd5757287168e54b817830adce9b0158d', time: '2016-06-30 19:26:09'
System info: host: 'SDMMAC-F60.local', ip: '172.24.3.181', os.name: 'Mac OS X', os.arch: 'x86_64', os.version: '10.10.5', java.version: '1.8.0_60'
Driver info: driver.version: HtmlUnitDriver
	at io.github.bonigarcia.wdm.BrowserManager.manage(BrowserManager.java:272)
	at io.github.bonigarcia.wdm.BrowserManager.setup(BrowserManager.java:103)
	at io.github.bonigarcia.wdm.BrowserManager.setup(BrowserManager.java:82)
	at icix.Start.Start.InitilizeBrowser(Start.java:36)
	at icix.Utils.Common.Init(Common.java:42)
	at icix.Utils.TestBase.beforeClass(TestBase.java:63)
Caused by: org.openqa.selenium.NoSuchElementException: Unable to locate element with ID: available-downloads
For documentation on this error, please visit: http://seleniumhq.org/exceptions/no_such_element.html
Build info: version: '2.53.1', revision: 'a36b8b1cd5757287168e54b817830adce9b0158d', time: '2016-06-30 19:26:09'
System info: host: 'SDMMAC-F60.local', ip: '172.24.3.181', os.name: 'Mac OS X', os.arch: 'x86_64', os.version: '10.10.5', java.version: '1.8.0_60'
Driver info: driver.version: HtmlUnitDriver
	at org.openqa.selenium.htmlunit.HtmlUnitDriver.findElementById(HtmlUnitDriver.java:998)
	at org.openqa.selenium.By$ById.findElement(By.java:218)
	at org.openqa.selenium.htmlunit.HtmlUnitDriver$5.call(HtmlUnitDriver.java:1705)
	at org.openqa.selenium.htmlunit.HtmlUnitDriver$5.call(HtmlUnitDriver.java:1701)
	at org.openqa.selenium.htmlunit.HtmlUnitDriver.implicitlyWaitFor(HtmlUnitDriver.java:1347)
	at org.openqa.selenium.htmlunit.HtmlUnitDriver.findElement(HtmlUnitDriver.java:1701)
	at org.openqa.selenium.htmlunit.HtmlUnitDriver.findElement(HtmlUnitDriver.java:586)
	at io.github.bonigarcia.wdm.PhantomJsDriverManager.getDrivers(PhantomJsDriverManager.java:73)
	at io.github.bonigarcia.wdm.BrowserManager.manage(BrowserManager.java:209)
	... 29 more
... Removed 24 stack frames]]>
    </failure>
  </testcase> <!-- @BeforeClass beforeClass -->
  <testcase name="@AfterMethod afterMethod" time="0.0" classname="icix.Tests.TC10781_Test">
    <skipped/>
  </testcase> <!-- @AfterMethod afterMethod -->
  <testcase name="@AfterClass close" time="0.0" classname="icix.Tests.TC10781_Test">
    <skipped/>
  </testcase> <!-- @AfterClass close -->
  <testcase name="@BeforeClass beforeClass" time="0.0" classname="icix.Tests.TC10782_Test">
    <skipped/>
  </testcase> <!-- @BeforeClass beforeClass -->
  <testcase name="@AfterMethod afterMethod" time="0.0" classname="icix.Tests.TC10782_Test">
    <skipped/>
  </testcase> <!-- @AfterMethod afterMethod -->
  <testcase name="@AfterClass close" time="0.0" classname="icix.Tests.TC10782_Test">
    <skipped/>
  </testcase> <!-- @AfterClass close -->
  <testcase name="CreateProductWithoutUID" time="0.204" classname="icix.Tests.TC10781_Test">
    <skipped/>
  </testcase> <!-- CreateProductWithoutUID -->
  <testcase name="TestProductSearchByUniID" time="0.008" classname="icix.Tests.TC10782_Test">
    <skipped/>
  </testcase> <!-- TestProductSearchByUniID -->
</testsuite> <!-- ICIX Test For sdd -->
