<?xml version="1.0" encoding="UTF-8"?>
<!-- Generated by org.testng.reporters.JUnitXMLReporter -->
<testsuite hostname="SDMMAC-F60-2.local" name="SmokeSuite" tests="13" failures="1" timestamp="2 Mar 2017 15:59:04 GMT" time="1968.248" errors="0">
  <testcase name="@BeforeClass beforeClass" time="0.0" classname="icix.Tests.TC9672_Test">
    <failure type="java.lang.RuntimeException" message="org.xml.sax.SAXParseException; lineNumber: 2; columnNumber: 18; Open quote is expected for attribute &amp;quot;http-equiv&amp;quot; associated with an  element type  &amp;quot;meta&amp;quot;.">
      <![CDATA[java.lang.RuntimeException: org.xml.sax.SAXParseException; lineNumber: 2; columnNumber: 18; Open quote is expected for attribute "http-equiv" associated with an  element type  "meta".
	at io.github.bonigarcia.wdm.BrowserManager.manage(BrowserManager.java:272)
	at io.github.bonigarcia.wdm.BrowserManager.setup(BrowserManager.java:103)
	at io.github.bonigarcia.wdm.BrowserManager.setup(BrowserManager.java:82)
	at icix.Start.Start.InitilizeBrowser(Start.java:21)
	at icix.Utils.Common.Init(Common.java:29)
	at icix.Utils.TestBase.beforeClass(TestBase.java:34)
Caused by: org.xml.sax.SAXParseException; lineNumber: 2; columnNumber: 18; Open quote is expected for attribute "http-equiv" associated with an  element type  "meta".
	at org.apache.xerces.parsers.DOMParser.parse(Unknown Source)
	at org.apache.xerces.jaxp.DocumentBuilderImpl.parse(Unknown Source)
	at io.github.bonigarcia.wdm.BrowserManager.loadXML(BrowserManager.java:482)
	at io.github.bonigarcia.wdm.BrowserManager.getDriversFromXml(BrowserManager.java:451)
	at io.github.bonigarcia.wdm.ChromeDriverManager.getDrivers(ChromeDriverManager.java:44)
	at io.github.bonigarcia.wdm.BrowserManager.manage(BrowserManager.java:209)
	... 29 more
... Removed 24 stack frames]]>
    </failure>
  </testcase> <!-- @BeforeClass beforeClass -->
  <testcase name="@AfterClass close" time="0.0" classname="icix.Tests.TC9672_Test">
    <skipped/>
  </testcase> <!-- @AfterClass close -->
  <testcase name="@BeforeClass beforeClass" time="0.0" classname="icix.Tests.TC9667_Test">
    <skipped/>
  </testcase> <!-- @BeforeClass beforeClass -->
  <testcase name="@AfterClass close" time="0.0" classname="icix.Tests.TC9667_Test">
    <skipped/>
  </testcase> <!-- @AfterClass close -->
  <testcase name="@BeforeClass beforeClass" time="0.0" classname="icix.Tests.TC9649_Test">
    <skipped/>
  </testcase> <!-- @BeforeClass beforeClass -->
  <testcase name="@AfterClass close" time="0.0" classname="icix.Tests.TC9649_Test">
    <skipped/>
  </testcase> <!-- @AfterClass close -->
  <testcase name="@BeforeClass beforeClass" time="0.0" classname="icix.Tests.TC9648_Test">
    <skipped/>
  </testcase> <!-- @BeforeClass beforeClass -->
  <testcase name="@AfterClass close" time="0.0" classname="icix.Tests.TC9648_Test">
    <skipped/>
  </testcase> <!-- @AfterClass close -->
  <testcase name="@BeforeClass beforeClass" time="0.0" classname="icix.Tests.TC10467_Test">
    <skipped/>
  </testcase> <!-- @BeforeClass beforeClass -->
  <testcase name="@AfterClass close" time="0.0" classname="icix.Tests.TC10467_Test">
    <skipped/>
  </testcase> <!-- @AfterClass close -->
  <testcase name="@BeforeClass beforeClass" time="0.0" classname="icix.Tests.TC9670_Test">
    <skipped/>
  </testcase> <!-- @BeforeClass beforeClass -->
  <testcase name="@AfterClass close" time="0.0" classname="icix.Tests.TC9670_Test">
    <skipped/>
  </testcase> <!-- @AfterClass close -->
  <testcase name="@BeforeClass beforeClass" time="0.0" classname="icix.Tests.TC9675_Test">
    <skipped/>
  </testcase> <!-- @BeforeClass beforeClass -->
  <testcase name="@AfterClass close" time="0.0" classname="icix.Tests.TC9675_Test">
    <skipped/>
  </testcase> <!-- @AfterClass close -->
  <testcase name="@BeforeClass beforeClass" time="0.0" classname="icix.Tests.TC10799_Test">
    <skipped/>
  </testcase> <!-- @BeforeClass beforeClass -->
  <testcase name="@AfterClass close" time="0.0" classname="icix.Tests.TC10799_Test">
    <skipped/>
  </testcase> <!-- @AfterClass close -->
  <testcase name="@BeforeClass beforeClass" time="0.0" classname="icix.Tests.TC9666_Test">
    <skipped/>
  </testcase> <!-- @BeforeClass beforeClass -->
  <testcase name="@AfterClass close" time="0.0" classname="icix.Tests.TC9666_Test">
    <skipped/>
  </testcase> <!-- @AfterClass close -->
  <testcase name="TestProductSearchWithoutUID" time="88.117" classname="icix.Tests.TC10781_Test"/>
  <testcase name="TestProductSearchByUniID" time="1806.13" classname="icix.Tests.TC10782_Test">
    <failure type="java.lang.AssertionError" message="expected [true] but found [false]">
      <![CDATA[java.lang.AssertionError: expected [true] but found [false]
	at icix.Modules.Product.ProductSearchByUniID(Product.java:233)
	at icix.Tests.TC10782_Test.TestProductSearchByUniID(TC10782_Test.java:27)
... Removed 28 stack frames]]>
    </failure>
  </testcase> <!-- TestProductSearchByUniID -->
  <testcase name="TwoActorWorkFlow" time="0.0" classname="icix.Tests.TC9672_Test">
    <skipped/>
  </testcase> <!-- TwoActorWorkFlow -->
  <testcase name="Productgroup" time="0.001" classname="icix.Tests.TC9667_Test">
    <skipped/>
  </testcase> <!-- Productgroup -->
  <testcase name="testSearchByIcixId" time="0.0" classname="icix.Tests.TC9649_Test">
    <skipped/>
  </testcase> <!-- testSearchByIcixId -->
  <testcase name="SearchByCompanyName" time="0.0" classname="icix.Tests.TC9648_Test">
    <skipped/>
  </testcase> <!-- SearchByCompanyName -->
  <testcase name="TPG_RelationshipType" time="0.001" classname="icix.Tests.TC10467_Test">
    <skipped/>
  </testcase> <!-- TPG_RelationshipType -->
  <testcase name="createNew_form" time="0.0" classname="icix.Tests.TC9670_Test">
    <skipped/>
  </testcase> <!-- createNew_form -->
  <testcase name="Upload" time="0.0" classname="icix.Tests.TC9675_Test">
    <skipped/>
  </testcase> <!-- Upload -->
  <testcase name="AutoReqCreationAddTP" time="0.0" classname="icix.Tests.TC10799_Test">
    <skipped/>
  </testcase> <!-- AutoReqCreationAddTP -->
  <testcase name="VerifySendRequirement" time="0.001" classname="icix.Tests.TC9666_Test">
    <skipped/>
  </testcase> <!-- VerifySendRequirement -->
  <testcase name="VerifySendReqAtRespSide" time="0.0" classname="icix.Tests.TC9666_Test">
    <skipped/>
  </testcase> <!-- VerifySendReqAtRespSide -->
  <testcase name="VerifyRequestClosedAfterRemovingRequirement" time="0.001" classname="icix.Tests.TC9666_Test">
    <skipped/>
  </testcase> <!-- VerifyRequestClosedAfterRemovingRequirement -->
</testsuite> <!-- SmokeSuite -->
