2017-08-24 10:26:26,753 INFO  [main] ? - User info initialized from suite file
2017-08-24 10:26:55,156 INFO  [main] ? - The Testcase name is :AutoReqCreationAddTP
2017-08-24 10:26:55,156 INFO  [main] ? - Start Log in to application
2017-08-24 10:26:55,662 INFO  [main] ? - Set Text value: feature04@icix.com into By.id: username
2017-08-24 10:26:56,052 INFO  [main] ? - Set Text value: test@1234 into By.id: password
2017-08-24 10:26:56,073 INFO  [main] ? - Clicking on:Login button
2017-08-24 10:27:37,646 INFO  [main] ? - Requestor logged in successfully.
2017-08-24 10:27:37,647 INFO  [main] ? - Login as a Responder
2017-08-24 10:27:37,754 INFO  [main] ? - Opening App Launcher
2017-08-24 10:27:39,878 INFO  [main] ? - FormList list is clicked
2017-08-24 10:28:10,946 INFO  [main] ? - Switching to frame: 3
2017-08-24 10:28:36,866 INFO  [main] ? - New form button is clicked.
2017-08-24 10:28:37,654 INFO  [main] ? - Set Text value: [Ljava.lang.String;@9e6faf into By.id: j_id0:form:containerBlock:containerNew:inputContainerName
2017-08-24 10:28:37,654 INFO  [main] ? - Form name [Ljava.lang.String;@9e6faf added.
2017-08-24 10:28:41,540 INFO  [main] ? - Container added successfully
2017-08-24 10:28:44,003 INFO  [main] ? - Set Text value: QA_TestlayoutThu Aug 24 10:27:39 IST 2017 into By.id: j_id0:form:layoutBlock:layoutNew:inputLayoutName
2017-08-24 10:28:44,397 INFO  [main] ? - Layout added successfully.
2017-08-24 10:28:49,986 INFO  [main] ? - Set Text value: QA Test Tab1 into By.id: j_id0:form:tabBlock:tabSection:tabTable:0:j_id47
2017-08-24 10:28:51,992 INFO  [main] ? - Tab 1 added successfully.
2017-08-24 10:28:57,166 INFO  [main] ? - Set Text value: QA Test Section1 into By.id: j_id0:form:sectionBlock:sectionSection:sectionTable:0:j_id74
2017-08-24 10:29:01,629 INFO  [main] ? - Section 1 added successfully.
2017-08-24 10:29:05,238 INFO  [main] ? - Set Text value: QA 1Thu Aug 24 10:27:39 IST 2017 into By.id: j_id0:form:newElementWithQuestion:newQuestionBlock:inputQuestionName
2017-08-24 10:29:06,048 INFO  [main] ? - Set Text value: QA Test Question 1Thu Aug 24 10:27:39 IST 2017 into By.xpath: //textarea[contains(@id,'inputQuestionQuestionText')]
2017-08-24 10:29:06,221 INFO  [main] ? - Quesion 1 added successfully.
2017-08-24 10:29:30,513 INFO  [main] ? - Opening App Launcher
2017-08-24 10:29:31,976 ERROR [main] ? - There is exception: org.openqa.selenium.WebDriverException: unknown error: Element <span class="label slds-truncate slds-text-link" data-aura-rendered-by="10:3001;a">...</span> is not clickable at point (759, 583). Other element would receive the click: <div class="modal-container slds-modal__container" data-aura-rendered-by="641:2867;a">...</div>
  (Session info: chrome=60.0.3112.101)
  (Driver info: chromedriver=2.31.488763 (092de99f48a300323ecf8c2a4e2e7cab51de5ba8),platform=Windows NT 6.2.9200 x86) (WARNING: The server did not provide any stacktrace information)
Command duration or timeout: 74 milliseconds
Build info: version: '2.53.1', revision: 'a36b8b1cd5757287168e54b817830adce9b0158d', time: '2016-06-30 19:26:09'
System info: host: 'SDN-271', ip: '172.10.100.59', os.name: 'Windows 8', os.arch: 'x86', os.version: '6.2', java.version: '1.8.0_11'
Driver info: org.openqa.selenium.chrome.ChromeDriver
Capabilities [{applicationCacheEnabled=false, rotatable=false, mobileEmulationEnabled=false, networkConnectionEnabled=false, chrome={chromedriverVersion=2.31.488763 (092de99f48a300323ecf8c2a4e2e7cab51de5ba8), userDataDir=C:\Users\RISHUK~1\AppData\Local\Temp\scoped_dir3824_11805}, takesHeapSnapshot=true, pageLoadStrategy=normal, databaseEnabled=false, handlesAlerts=true, hasTouchScreen=false, version=60.0.3112.101, platform=WIN8, browserConnectionEnabled=false, nativeEvents=true, acceptSslCerts=true, locationContextEnabled=true, webStorageEnabled=true, browserName=chrome, takesScreenshot=true, javascriptEnabled=true, cssSelectorsEnabled=true, setWindowRect=true, unexpectedAlertBehaviour=}]
Session ID: d8232f95f33f622f6fa23ca1b92d3f9d
2017-08-24 10:29:39,218 INFO  [main] ? - Adding new TP Group: VerifySendRequirement Thu Aug 24 10:29:30 IST 2017
2017-08-24 10:29:49,583 INFO  [main] ? - Switching to frame: 4
2017-08-24 10:29:52,247 INFO  [main] ? - Set Text value: VerifySendRequirement Thu Aug 24 10:29:30 IST 2017 into By.id: txtGroupName
2017-08-24 10:29:52,257 INFO  [main] ? - Tag added successfully in VerifySendRequirement Thu Aug 24 10:29:30 IST 2017
2017-08-24 10:29:52,889 INFO  [main] ? - Saving VerifySendRequirement Thu Aug 24 10:29:30 IST 2017
2017-08-24 10:30:19,009 ERROR [main] ? - There is exception: java.lang.Exception: By.partialLinkText: VerifySendRequirement Thu Aug 24 10:29:30 IST 2017 element is not present and displayed
2017-08-24 10:30:19,010 INFO  [main] ? - The link VerifySendRequirement Thu Aug 24 10:29:30 IST 2017 is clicked.
2017-08-24 10:30:19,010 INFO  [main] ? - Opening TP Group VerifySendRequirement Thu Aug 24 10:29:30 IST 2017
2017-08-24 10:30:19,401 INFO  [main] ? - Opening TP Group VerifySendRequirement Thu Aug 24 10:29:30 IST 2017
2017-08-24 10:30:19,401 INFO  [main] ? - Trading Partner Created sucessfully
2017-08-24 10:30:42,188 INFO  [main] ? - Clicking on the down arrow to click set requirement.
2017-08-24 10:30:52,681 INFO  [main] ? - Switching to frame: 4
2017-08-24 10:30:54,874 INFO  [main] ? - Selecting the Request type
2017-08-24 10:30:55,841 INFO  [main] ? - Selecting the form: [Ljava.lang.String;@9e6faf
2017-08-24 10:30:58,541 INFO  [main] ? - Clicking on date
2017-08-24 10:30:59,011 INFO  [main] ? - Selecting the due date for full filling the requirement.
2017-08-24 10:31:04,480 INFO  [main] ? - Selecting the Requirment as approval
2017-08-24 10:31:04,977 INFO  [main] ? - Clicking on send button.
2017-08-24 10:31:15,490 ERROR [main] ? - There is exception: java.lang.Exception: By.cssSelector: div.slds-x-small-buttons--horizontal > button.slds-button.slds-button--brand element is not present and displayed
2017-08-24 10:31:18,493 INFO  [main] ? - Requirement saved
2017-08-24 10:31:18,493 INFO  [main] ? - Edit tpg to add members
2017-08-24 10:31:40,047 INFO  [main] ? - Switching to frame: 3
2017-08-24 10:31:45,476 INFO  [main] ? - TP Group Edited
2017-08-24 10:31:45,476 INFO  [main] ? - Search for TP Compliance Request
2017-08-24 10:31:51,647 INFO  [main] ? - Global search text box clicked.
2017-08-24 10:31:52,322 INFO  [main] ? - Keyword Automation form Thu Aug 24 10:27:37 IST 2017 entered for searching.
2017-08-24 10:31:53,070 INFO  [main] ? - Clicked on Automation form Thu Aug 24 10:27:37 IST 2017 in salesforec.
2017-08-24 10:31:53,336 INFO  [main] ? - Clicked on show more link.
2017-08-24 10:32:00,919 WARN  [main] ? - element is not present and displayed
2017-08-24 10:32:06,077 WARN  [main] ? - element is not present and displayed
2017-08-24 10:32:06,108 INFO  [main] ? - Request has reflected on responder side
2017-08-24 10:32:06,108 INFO  [main] ? - Total Time taken while looking for request in Request Search Results:0seconds
2017-08-24 10:32:06,117 WARN  [main] ? - Request has not been reflected on reponder side within 5 minutes
2017-08-24 10:32:06,445 WARN  [main] ? - TEST FAILED - AutoReqCreationAddTP
2017-08-24 11:27:17,342 INFO  [main] ? - User info initialized from suite file
2017-08-24 11:27:35,969 INFO  [main] ? - The Testcase name is :AutoReqCreationAddTP
2017-08-24 11:27:35,969 INFO  [main] ? - Start Log in to application
2017-08-24 11:27:36,490 INFO  [main] ? - Set Text value: feature04@icix.com into By.id: username
2017-08-24 11:27:36,902 INFO  [main] ? - Set Text value: test@1234 into By.id: password
2017-08-24 11:27:36,922 INFO  [main] ? - Clicking on:Login button
2017-08-24 11:28:19,565 INFO  [main] ? - Requestor logged in successfully.
2017-08-24 11:28:19,565 INFO  [main] ? - Login as a Responder
2017-08-24 11:28:19,621 INFO  [main] ? - Opening App Launcher
2017-08-24 11:28:21,696 INFO  [main] ? - FormList list is clicked
2017-08-24 11:28:37,837 INFO  [main] ? - Switching to frame: 3
2017-08-24 11:29:01,369 INFO  [main] ? - New form button is clicked.
2017-08-24 11:29:02,141 INFO  [main] ? - Set Text value: [Ljava.lang.String;@efcf8a into By.id: j_id0:form:containerBlock:containerNew:inputContainerName
2017-08-24 11:29:02,141 INFO  [main] ? - Form name [Ljava.lang.String;@efcf8a added.
2017-08-24 11:29:05,579 INFO  [main] ? - Container added successfully
2017-08-24 11:29:08,052 INFO  [main] ? - Set Text value: QA_TestlayoutThu Aug 24 11:28:21 IST 2017 into By.id: j_id0:form:layoutBlock:layoutNew:inputLayoutName
2017-08-24 11:29:08,405 INFO  [main] ? - Layout added successfully.
2017-08-24 11:29:14,031 INFO  [main] ? - Set Text value: QA Test Tab1 into By.id: j_id0:form:tabBlock:tabSection:tabTable:0:j_id47
2017-08-24 11:29:16,549 INFO  [main] ? - Tab 1 added successfully.
2017-08-24 11:29:21,707 INFO  [main] ? - Set Text value: QA Test Section1 into By.id: j_id0:form:sectionBlock:sectionSection:sectionTable:0:j_id74
2017-08-24 11:29:24,043 INFO  [main] ? - Section 1 added successfully.
2017-08-24 11:29:26,571 INFO  [main] ? - Set Text value: QA 1Thu Aug 24 11:28:21 IST 2017 into By.id: j_id0:form:newElementWithQuestion:newQuestionBlock:inputQuestionName
2017-08-24 11:29:27,189 INFO  [main] ? - Set Text value: QA Test Question 1Thu Aug 24 11:28:21 IST 2017 into By.xpath: //textarea[contains(@id,'inputQuestionQuestionText')]
2017-08-24 11:29:27,404 INFO  [main] ? - Quesion 1 added successfully.
2017-08-24 11:29:51,649 INFO  [main] ? - Opening App Launcher
2017-08-24 11:29:52,769 ERROR [main] ? - There is exception: org.openqa.selenium.WebDriverException: unknown error: Element <span class="label slds-truncate slds-text-link" data-aura-rendered-by="10:3000;a">...</span> is not clickable at point (759, 584). Other element would receive the click: <div class="modal-container slds-modal__container" data-aura-rendered-by="641:2866;a">...</div>
  (Session info: chrome=60.0.3112.101)
  (Driver info: chromedriver=2.31.488763 (092de99f48a300323ecf8c2a4e2e7cab51de5ba8),platform=Windows NT 6.2.9200 x86) (WARNING: The server did not provide any stacktrace information)
Command duration or timeout: 68 milliseconds
Build info: version: '2.53.1', revision: 'a36b8b1cd5757287168e54b817830adce9b0158d', time: '2016-06-30 19:26:09'
System info: host: 'SDN-271', ip: '172.10.100.59', os.name: 'Windows 8', os.arch: 'x86', os.version: '6.2', java.version: '1.8.0_11'
Driver info: org.openqa.selenium.chrome.ChromeDriver
Capabilities [{applicationCacheEnabled=false, rotatable=false, mobileEmulationEnabled=false, networkConnectionEnabled=false, chrome={chromedriverVersion=2.31.488763 (092de99f48a300323ecf8c2a4e2e7cab51de5ba8), userDataDir=C:\Users\RISHUK~1\AppData\Local\Temp\scoped_dir3240_17244}, takesHeapSnapshot=true, pageLoadStrategy=normal, databaseEnabled=false, handlesAlerts=true, hasTouchScreen=false, version=60.0.3112.101, platform=WIN8, browserConnectionEnabled=false, nativeEvents=true, acceptSslCerts=true, locationContextEnabled=true, webStorageEnabled=true, browserName=chrome, takesScreenshot=true, javascriptEnabled=true, cssSelectorsEnabled=true, setWindowRect=true, unexpectedAlertBehaviour=}]
Session ID: 79bed331fb12b3af1506293bbed7cc46
2017-08-24 11:29:57,401 INFO  [main] ? - Adding new TP Group: VerifySendRequirement Thu Aug 24 11:29:51 IST 2017
2017-08-24 11:30:07,447 INFO  [main] ? - Switching to frame: 4
2017-08-24 11:30:10,099 INFO  [main] ? - Set Text value: VerifySendRequirement Thu Aug 24 11:29:51 IST 2017 into By.id: txtGroupName
2017-08-24 11:30:10,109 INFO  [main] ? - Tag added successfully in VerifySendRequirement Thu Aug 24 11:29:51 IST 2017
2017-08-24 11:30:10,667 INFO  [main] ? - Saving VerifySendRequirement Thu Aug 24 11:29:51 IST 2017
2017-08-24 11:30:36,456 ERROR [main] ? - There is exception: java.lang.Exception: By.partialLinkText: VerifySendRequirement Thu Aug 24 11:29:51 IST 2017 element is not present and displayed
2017-08-24 11:30:36,457 INFO  [main] ? - The link VerifySendRequirement Thu Aug 24 11:29:51 IST 2017 is clicked.
2017-08-24 11:30:36,457 INFO  [main] ? - Opening TP Group VerifySendRequirement Thu Aug 24 11:29:51 IST 2017
2017-08-24 11:30:36,784 INFO  [main] ? - Opening TP Group VerifySendRequirement Thu Aug 24 11:29:51 IST 2017
2017-08-24 11:30:36,785 INFO  [main] ? - Trading Partner Created sucessfully
2017-08-24 11:30:50,380 INFO  [main] ? - Clicking on the down arrow to click set requirement.
2017-08-24 11:31:00,864 INFO  [main] ? - Switching to frame: 4
2017-08-24 11:31:03,046 INFO  [main] ? - Selecting the Request type
2017-08-24 11:31:03,888 INFO  [main] ? - Selecting the form: [Ljava.lang.String;@efcf8a
2017-08-24 11:31:06,479 INFO  [main] ? - Clicking on date
2017-08-24 11:31:07,010 INFO  [main] ? - Selecting the due date for full filling the requirement.
2017-08-24 11:31:12,469 INFO  [main] ? - Selecting the Requirment as approval
2017-08-24 11:31:12,995 INFO  [main] ? - Clicking on send button.
2017-08-24 11:31:23,858 ERROR [main] ? - There is exception: java.lang.Exception: By.cssSelector: div.slds-x-small-buttons--horizontal > button.slds-button.slds-button--brand element is not present and displayed
2017-08-24 11:31:26,864 INFO  [main] ? - Requirement saved
2017-08-24 11:31:26,864 INFO  [main] ? - Edit tpg to add members
2017-08-24 11:31:50,046 INFO  [main] ? - Switching to frame: 3
2017-08-24 11:31:55,462 INFO  [main] ? - TP Group Edited
2017-08-24 11:31:55,462 INFO  [main] ? - Search for TP Compliance Request
2017-08-24 11:32:01,620 INFO  [main] ? - Global search text box clicked.
2017-08-24 11:32:02,426 INFO  [main] ? - Keyword Automation form Thu Aug 24 11:28:19 IST 2017 entered for searching.
2017-08-24 11:32:03,326 INFO  [main] ? - Clicked on Automation form Thu Aug 24 11:28:19 IST 2017 in salesforec.
2017-08-24 11:32:03,659 INFO  [main] ? - Clicked on show more link.
2017-08-24 11:32:09,677 WARN  [main] ? - element is not present and displayed
2017-08-24 11:32:14,835 WARN  [main] ? - element is not present and displayed
2017-08-24 11:32:14,873 INFO  [main] ? - Request has reflected on responder side
2017-08-24 11:32:14,874 INFO  [main] ? - Total Time taken while looking for request in Request Search Results:0seconds
2017-08-24 11:32:14,884 WARN  [main] ? - Request has not been reflected on reponder side within 5 minutes
2017-08-24 11:32:15,206 WARN  [main] ? - TEST FAILED - AutoReqCreationAddTP
2017-08-24 11:40:52,591 INFO  [main] ? - User info initialized from suite file
2017-08-24 11:41:19,200 INFO  [main] ? - The Testcase name is :AutoReqCreationAddTP
2017-08-24 11:41:19,200 INFO  [main] ? - Start Log in to application
2017-08-24 11:41:19,659 INFO  [main] ? - Set Text value: feature04@icix.com into By.id: username
2017-08-24 11:41:20,062 INFO  [main] ? - Set Text value: test@1234 into By.id: password
2017-08-24 11:41:20,082 INFO  [main] ? - Clicking on:Login button
2017-08-24 11:42:03,840 INFO  [main] ? - Requestor logged in successfully.
2017-08-24 11:42:03,841 INFO  [main] ? - Login as a Responder
2017-08-24 11:42:03,886 INFO  [main] ? - Opening App Launcher
2017-08-24 11:42:06,120 INFO  [main] ? - FormList list is clicked
2017-08-24 11:42:29,500 INFO  [main] ? - Switching to frame: 3
2017-08-24 11:42:50,249 INFO  [main] ? - New form button is clicked.
2017-08-24 11:42:51,046 INFO  [main] ? - Set Text value: [Ljava.lang.String;@138fc5 into By.id: j_id0:form:containerBlock:containerNew:inputContainerName
2017-08-24 11:42:51,046 INFO  [main] ? - Form name [Ljava.lang.String;@138fc5 added.
2017-08-24 11:42:54,614 INFO  [main] ? - Container added successfully
2017-08-24 11:42:57,085 INFO  [main] ? - Set Text value: QA_TestlayoutThu Aug 24 11:42:06 IST 2017 into By.id: j_id0:form:layoutBlock:layoutNew:inputLayoutName
2017-08-24 11:42:57,422 INFO  [main] ? - Layout added successfully.
2017-08-24 11:43:02,523 INFO  [main] ? - Set Text value: QA Test Tab1 into By.id: j_id0:form:tabBlock:tabSection:tabTable:0:j_id47
2017-08-24 11:43:04,499 INFO  [main] ? - Tab 1 added successfully.
2017-08-24 11:43:10,236 INFO  [main] ? - Set Text value: QA Test Section1 into By.id: j_id0:form:sectionBlock:sectionSection:sectionTable:0:j_id74
2017-08-24 11:43:15,737 INFO  [main] ? - Section 1 added successfully.
2017-08-24 11:43:20,984 INFO  [main] ? - Set Text value: QA 1Thu Aug 24 11:42:06 IST 2017 into By.id: j_id0:form:newElementWithQuestion:newQuestionBlock:inputQuestionName
2017-08-24 11:43:21,683 INFO  [main] ? - Set Text value: QA Test Question 1Thu Aug 24 11:42:06 IST 2017 into By.xpath: //textarea[contains(@id,'inputQuestionQuestionText')]
2017-08-24 11:43:21,855 INFO  [main] ? - Quesion 1 added successfully.
2017-08-24 11:43:46,111 INFO  [main] ? - Opening App Launcher
2017-08-24 11:43:47,614 ERROR [main] ? - There is exception: org.openqa.selenium.WebDriverException: unknown error: Element <span class="label slds-truncate slds-text-link" data-aura-rendered-by="10:3004;a">...</span> is not clickable at point (759, 585). Other element would receive the click: <div class="modal-container slds-modal__container" data-aura-rendered-by="641:2870;a">...</div>
  (Session info: chrome=60.0.3112.101)
  (Driver info: chromedriver=2.31.488763 (092de99f48a300323ecf8c2a4e2e7cab51de5ba8),platform=Windows NT 6.2.9200 x86) (WARNING: The server did not provide any stacktrace information)
Command duration or timeout: 68 milliseconds
Build info: version: '2.53.1', revision: 'a36b8b1cd5757287168e54b817830adce9b0158d', time: '2016-06-30 19:26:09'
System info: host: 'SDN-271', ip: '172.10.100.59', os.name: 'Windows 8', os.arch: 'x86', os.version: '6.2', java.version: '1.8.0_11'
Driver info: org.openqa.selenium.chrome.ChromeDriver
Capabilities [{applicationCacheEnabled=false, rotatable=false, mobileEmulationEnabled=false, networkConnectionEnabled=false, chrome={chromedriverVersion=2.31.488763 (092de99f48a300323ecf8c2a4e2e7cab51de5ba8), userDataDir=C:\Users\RISHUK~1\AppData\Local\Temp\scoped_dir1352_28865}, takesHeapSnapshot=true, pageLoadStrategy=normal, databaseEnabled=false, handlesAlerts=true, hasTouchScreen=false, version=60.0.3112.101, platform=WIN8, browserConnectionEnabled=false, nativeEvents=true, acceptSslCerts=true, locationContextEnabled=true, webStorageEnabled=true, browserName=chrome, takesScreenshot=true, javascriptEnabled=true, cssSelectorsEnabled=true, setWindowRect=true, unexpectedAlertBehaviour=}]
Session ID: 5b4b75d70cc8b1cc123388664afcbab7
2017-08-24 11:43:53,200 INFO  [main] ? - Adding new TP Group: VerifySendRequirement Thu Aug 24 11:43:46 IST 2017
2017-08-24 11:44:03,458 INFO  [main] ? - Switching to frame: 4
2017-08-24 11:44:06,175 INFO  [main] ? - Set Text value: VerifySendRequirement Thu Aug 24 11:43:46 IST 2017 into By.id: txtGroupName
2017-08-24 11:44:06,185 INFO  [main] ? - Tag added successfully in VerifySendRequirement Thu Aug 24 11:43:46 IST 2017
2017-08-24 11:44:06,757 INFO  [main] ? - Saving VerifySendRequirement Thu Aug 24 11:43:46 IST 2017
2017-08-24 11:44:32,690 ERROR [main] ? - There is exception: java.lang.Exception: By.partialLinkText: VerifySendRequirement Thu Aug 24 11:43:46 IST 2017 element is not present and displayed
2017-08-24 11:44:32,690 INFO  [main] ? - The link VerifySendRequirement Thu Aug 24 11:43:46 IST 2017 is clicked.
2017-08-24 11:44:32,690 INFO  [main] ? - Opening TP Group VerifySendRequirement Thu Aug 24 11:43:46 IST 2017
2017-08-24 11:44:33,096 INFO  [main] ? - Opening TP Group VerifySendRequirement Thu Aug 24 11:43:46 IST 2017
2017-08-24 11:44:33,096 INFO  [main] ? - Trading Partner Created sucessfully
2017-08-24 11:44:50,253 INFO  [main] ? - Clicking on the down arrow to click set requirement.
2017-08-24 11:45:00,384 INFO  [main] ? - Switching to frame: 4
2017-08-24 11:45:02,555 INFO  [main] ? - Selecting the Request type
2017-08-24 11:45:03,682 INFO  [main] ? - Selecting the form: [Ljava.lang.String;@138fc5
2017-08-24 11:45:06,380 INFO  [main] ? - Clicking on date
2017-08-24 11:45:06,939 INFO  [main] ? - Selecting the due date for full filling the requirement.
2017-08-24 11:45:12,410 INFO  [main] ? - Selecting the Requirment as approval
2017-08-24 11:45:12,911 INFO  [main] ? - Clicking on send button.
2017-08-24 11:45:23,450 ERROR [main] ? - There is exception: java.lang.Exception: By.cssSelector: div.slds-x-small-buttons--horizontal > button.slds-button.slds-button--brand element is not present and displayed
2017-08-24 11:45:26,456 INFO  [main] ? - Requirement saved
2017-08-24 11:45:26,456 INFO  [main] ? - Edit tpg to add members
2017-08-24 11:45:51,039 INFO  [main] ? - Switching to frame: 3
2017-08-24 11:45:56,603 INFO  [main] ? - TP Group Edited
2017-08-24 11:45:56,603 INFO  [main] ? - Search for TP Compliance Request
2017-08-24 11:46:02,777 INFO  [main] ? - Global search text box clicked.
2017-08-24 11:46:03,853 INFO  [main] ? - Keyword Automation form Thu Aug 24 11:42:03 IST 2017 entered for searching.
2017-08-24 11:46:04,708 INFO  [main] ? - Clicked on Automation form Thu Aug 24 11:42:03 IST 2017 in salesforec.
2017-08-24 11:46:05,051 INFO  [main] ? - Clicked on show more link.
2017-08-24 11:46:11,022 WARN  [main] ? - element is not present and displayed
2017-08-24 11:46:16,189 WARN  [main] ? - element is not present and displayed
2017-08-24 11:46:16,227 INFO  [main] ? - Request has reflected on responder side
2017-08-24 11:46:16,227 INFO  [main] ? - Total Time taken while looking for request in Request Search Results:0seconds
2017-08-24 11:46:16,236 WARN  [main] ? - Request has not been reflected on reponder side within 5 minutes
2017-08-24 11:46:16,236 INFO  [main] ? - Request tab clicked
2017-08-24 11:46:17,194 WARN  [main] ? - TEST FAILED - AutoReqCreationAddTP
2017-08-24 11:48:35,128 INFO  [main] ? - User info initialized from suite file
2017-08-24 11:48:52,449 INFO  [main] ? - The Testcase name is :AutoReqCreationAddTP
2017-08-24 11:48:52,449 INFO  [main] ? - Start Log in to application
2017-08-24 11:48:52,930 INFO  [main] ? - Set Text value: feature04@icix.com into By.id: username
2017-08-24 11:48:53,366 INFO  [main] ? - Set Text value: test@1234 into By.id: password
2017-08-24 11:48:53,386 INFO  [main] ? - Clicking on:Login button
2017-08-24 11:49:22,182 INFO  [main] ? - Requestor logged in successfully.
2017-08-24 11:49:22,182 INFO  [main] ? - Login as a Responder
2017-08-24 11:49:22,229 INFO  [main] ? - Opening App Launcher
2017-08-24 11:49:24,784 INFO  [main] ? - FormList list is clicked
2017-08-24 11:49:50,421 INFO  [main] ? - Switching to frame: 3
2017-08-24 11:50:12,034 INFO  [main] ? - New form button is clicked.
2017-08-24 11:50:12,755 INFO  [main] ? - Set Text value: [Ljava.lang.String;@14854d6 into By.id: j_id0:form:containerBlock:containerNew:inputContainerName
2017-08-24 11:50:12,756 INFO  [main] ? - Form name [Ljava.lang.String;@14854d6 added.
2017-08-24 11:55:16,040 ERROR [main] ? - There is exception: java.lang.Exception: By.id: j_id0:form:buttonSave element is not present and displayed
2017-08-24 11:55:16,040 INFO  [main] ? - Container added successfully
2017-08-24 11:55:17,032 INFO  [main] ? - Set Text value: QA_TestlayoutThu Aug 24 11:49:24 IST 2017 into By.id: j_id0:form:layoutBlock:layoutNew:inputLayoutName
2017-08-24 11:55:17,371 INFO  [main] ? - Layout added successfully.
2017-08-24 11:55:58,776 ERROR [main] ? - There is exception: java.lang.Exception: By.id: j_id0:form:createTab element is not present and displayed
2017-08-24 11:56:28,691 INFO  [main] ? - User info initialized from suite file
2017-08-24 11:56:51,063 INFO  [main] ? - The Testcase name is :AutoReqCreationAddTP
2017-08-24 11:56:51,063 INFO  [main] ? - Start Log in to application
2017-08-24 11:56:51,483 INFO  [main] ? - Set Text value: feature04@icix.com into By.id: username
2017-08-24 11:56:51,869 INFO  [main] ? - Set Text value: test@1234 into By.id: password
2017-08-24 11:56:51,889 INFO  [main] ? - Clicking on:Login button
2017-08-24 11:57:47,267 INFO  [main] ? - Requestor logged in successfully.
2017-08-24 11:57:47,267 INFO  [main] ? - Login as a Responder
2017-08-24 11:57:47,317 INFO  [main] ? - Opening App Launcher
2017-08-24 11:57:50,471 INFO  [main] ? - FormList list is clicked
2017-08-24 11:58:11,918 INFO  [main] ? - Switching to frame: 3
2017-08-24 11:58:33,628 INFO  [main] ? - New form button is clicked.
2017-08-24 11:58:34,373 INFO  [main] ? - Set Text value: [Ljava.lang.String;@4efc1b into By.id: j_id0:form:containerBlock:containerNew:inputContainerName
2017-08-24 11:58:34,373 INFO  [main] ? - Form name [Ljava.lang.String;@4efc1b added.
2017-08-24 11:58:37,516 INFO  [main] ? - Container added successfully
2017-08-24 11:58:40,126 INFO  [main] ? - Set Text value: QA_TestlayoutThu Aug 24 11:57:50 IST 2017 into By.id: j_id0:form:layoutBlock:layoutNew:inputLayoutName
2017-08-24 11:58:40,577 INFO  [main] ? - Layout added successfully.
2017-08-24 11:58:50,421 INFO  [main] ? - Set Text value: QA Test Tab1 into By.id: j_id0:form:tabBlock:tabSection:tabTable:0:j_id47
2017-08-24 11:58:55,093 INFO  [main] ? - Tab 1 added successfully.
2017-08-24 11:59:08,212 INFO  [main] ? - Set Text value: QA Test Section1 into By.id: j_id0:form:sectionBlock:sectionSection:sectionTable:0:j_id74
2017-08-24 11:59:11,134 INFO  [main] ? - Section 1 added successfully.
2017-08-24 11:59:13,734 INFO  [main] ? - Set Text value: QA 1Thu Aug 24 11:57:50 IST 2017 into By.id: j_id0:form:newElementWithQuestion:newQuestionBlock:inputQuestionName
2017-08-24 11:59:14,361 INFO  [main] ? - Set Text value: QA Test Question 1Thu Aug 24 11:57:50 IST 2017 into By.xpath: //textarea[contains(@id,'inputQuestionQuestionText')]
2017-08-24 11:59:14,601 INFO  [main] ? - Quesion 1 added successfully.
2017-08-24 11:59:38,842 INFO  [main] ? - Opening App Launcher
2017-08-24 11:59:40,202 ERROR [main] ? - There is exception: org.openqa.selenium.WebDriverException: unknown error: Element <span class="label slds-truncate slds-text-link" data-aura-rendered-by="10:3007;a">...</span> is not clickable at point (759, 584). Other element would receive the click: <div class="modal-container slds-modal__container" data-aura-rendered-by="641:2873;a">...</div>
  (Session info: chrome=60.0.3112.101)
  (Driver info: chromedriver=2.31.488763 (092de99f48a300323ecf8c2a4e2e7cab51de5ba8),platform=Windows NT 6.2.9200 x86) (WARNING: The server did not provide any stacktrace information)
Command duration or timeout: 72 milliseconds
Build info: version: '2.53.1', revision: 'a36b8b1cd5757287168e54b817830adce9b0158d', time: '2016-06-30 19:26:09'
System info: host: 'SDN-271', ip: '172.10.100.59', os.name: 'Windows 8', os.arch: 'x86', os.version: '6.2', java.version: '1.8.0_11'
Driver info: org.openqa.selenium.chrome.ChromeDriver
Capabilities [{applicationCacheEnabled=false, rotatable=false, mobileEmulationEnabled=false, networkConnectionEnabled=false, chrome={chromedriverVersion=2.31.488763 (092de99f48a300323ecf8c2a4e2e7cab51de5ba8), userDataDir=C:\Users\RISHUK~1\AppData\Local\Temp\scoped_dir5568_20344}, takesHeapSnapshot=true, pageLoadStrategy=normal, databaseEnabled=false, handlesAlerts=true, hasTouchScreen=false, version=60.0.3112.101, platform=WIN8, browserConnectionEnabled=false, nativeEvents=true, acceptSslCerts=true, locationContextEnabled=true, webStorageEnabled=true, browserName=chrome, takesScreenshot=true, javascriptEnabled=true, cssSelectorsEnabled=true, setWindowRect=true, unexpectedAlertBehaviour=}]
Session ID: ed8fd20320692bd665aa868dd15282f3
2017-08-24 11:59:49,664 INFO  [main] ? - Adding new TP Group: VerifySendRequirement Thu Aug 24 11:59:38 IST 2017
2017-08-24 11:59:59,799 INFO  [main] ? - Switching to frame: 4
2017-08-24 12:00:02,487 INFO  [main] ? - Set Text value: VerifySendRequirement Thu Aug 24 11:59:38 IST 2017 into By.id: txtGroupName
2017-08-24 12:00:02,497 INFO  [main] ? - Tag added successfully in VerifySendRequirement Thu Aug 24 11:59:38 IST 2017
2017-08-24 12:00:03,023 INFO  [main] ? - Saving VerifySendRequirement Thu Aug 24 11:59:38 IST 2017
2017-08-24 12:00:28,503 ERROR [main] ? - There is exception: java.lang.Exception: By.partialLinkText: VerifySendRequirement Thu Aug 24 11:59:38 IST 2017 element is not present and displayed
2017-08-24 12:00:28,503 INFO  [main] ? - The link VerifySendRequirement Thu Aug 24 11:59:38 IST 2017 is clicked.
2017-08-24 12:00:28,504 INFO  [main] ? - Opening TP Group VerifySendRequirement Thu Aug 24 11:59:38 IST 2017
2017-08-24 12:00:28,811 INFO  [main] ? - Opening TP Group VerifySendRequirement Thu Aug 24 11:59:38 IST 2017
2017-08-24 12:00:28,812 INFO  [main] ? - Trading Partner Created sucessfully
2017-08-24 12:00:43,113 INFO  [main] ? - Clicking on the down arrow to click set requirement.
2017-08-24 12:00:53,272 INFO  [main] ? - Switching to frame: 4
2017-08-24 12:00:55,443 INFO  [main] ? - Selecting the Request type
2017-08-24 12:00:56,284 INFO  [main] ? - Selecting the form: [Ljava.lang.String;@4efc1b
2017-08-24 12:00:58,949 INFO  [main] ? - Clicking on date
2017-08-24 12:00:59,400 INFO  [main] ? - Selecting the due date for full filling the requirement.
2017-08-24 12:01:04,862 INFO  [main] ? - Selecting the Requirment as approval
2017-08-24 12:01:05,404 INFO  [main] ? - Clicking on send button.
2017-08-24 12:01:15,822 ERROR [main] ? - There is exception: java.lang.Exception: By.cssSelector: div.slds-x-small-buttons--horizontal > button.slds-button.slds-button--brand element is not present and displayed
2017-08-24 12:01:18,827 INFO  [main] ? - Requirement saved
2017-08-24 12:01:18,827 INFO  [main] ? - Edit tpg to add members
2017-08-24 12:01:40,272 INFO  [main] ? - Switching to frame: 3
2017-08-24 12:01:45,724 INFO  [main] ? - TP Group Edited
2017-08-24 12:01:45,724 INFO  [main] ? - Search for TP Compliance Request
2017-08-24 12:01:51,900 INFO  [main] ? - Global search text box clicked.
2017-08-24 12:01:52,901 INFO  [main] ? - Keyword Automation form Thu Aug 24 11:57:47 IST 2017 entered for searching.
2017-08-24 12:01:53,657 INFO  [main] ? - Clicked on Automation form Thu Aug 24 11:57:47 IST 2017 in salesforec.
2017-08-24 12:01:53,960 INFO  [main] ? - Clicked on show more link.
2017-08-24 12:02:00,964 WARN  [main] ? - element is not present and displayed
2017-08-24 12:02:06,125 WARN  [main] ? - element is not present and displayed
2017-08-24 12:02:06,158 INFO  [main] ? - Request has reflected on responder side
2017-08-24 12:02:06,158 INFO  [main] ? - Total Time taken while looking for request in Request Search Results:0seconds
2017-08-24 12:02:06,168 WARN  [main] ? - Request has not been reflected on reponder side within 5 minutes
2017-08-24 12:02:06,168 INFO  [main] ? - Request tab clicked
2017-08-24 12:02:07,151 WARN  [main] ? - TEST FAILED - AutoReqCreationAddTP
2017-08-24 12:27:26,683 INFO  [main] ? - User info initialized from suite file
2017-08-24 12:27:42,471 INFO  [main] ? - The Testcase name is :AutoReqCreationAddTP
2017-08-24 12:27:42,471 INFO  [main] ? - Start Log in to application
2017-08-24 12:27:42,978 INFO  [main] ? - Set Text value: feature04@icix.com into By.id: username
2017-08-24 12:27:43,375 INFO  [main] ? - Set Text value: test@1234 into By.id: password
2017-08-24 12:27:43,396 INFO  [main] ? - Clicking on:Login button
2017-08-24 12:28:11,769 INFO  [main] ? - Requestor logged in successfully.
2017-08-24 12:28:11,770 INFO  [main] ? - Login as a Responder
2017-08-24 12:28:11,818 INFO  [main] ? - Opening App Launcher
2017-08-24 12:28:14,490 INFO  [main] ? - FormList list is clicked
2017-08-24 12:28:38,804 INFO  [main] ? - Switching to frame: 3
2017-08-24 12:29:03,819 INFO  [main] ? - New form button is clicked.
2017-08-24 12:29:04,627 INFO  [main] ? - Set Text value: [Ljava.lang.String;@121844c into By.id: j_id0:form:containerBlock:containerNew:inputContainerName
2017-08-24 12:29:04,627 INFO  [main] ? - Form name [Ljava.lang.String;@121844c added.
2017-08-24 12:29:08,259 INFO  [main] ? - Container added successfully
2017-08-24 12:29:11,370 INFO  [main] ? - Set Text value: QA_TestlayoutThu Aug 24 12:28:14 IST 2017 into By.id: j_id0:form:layoutBlock:layoutNew:inputLayoutName
2017-08-24 12:29:11,819 INFO  [main] ? - Layout added successfully.
2017-08-24 12:29:18,461 INFO  [main] ? - Set Text value: QA Test Tab1 into By.id: j_id0:form:tabBlock:tabSection:tabTable:0:j_id47
2017-08-24 12:29:23,120 INFO  [main] ? - Tab 1 added successfully.
2017-08-24 12:29:37,224 INFO  [main] ? - Set Text value: QA Test Section1 into By.id: j_id0:form:sectionBlock:sectionSection:sectionTable:0:j_id74
2017-08-24 12:29:39,714 INFO  [main] ? - Section 1 added successfully.
2017-08-24 12:29:42,319 INFO  [main] ? - Set Text value: QA 1Thu Aug 24 12:28:14 IST 2017 into By.id: j_id0:form:newElementWithQuestion:newQuestionBlock:inputQuestionName
2017-08-24 12:29:43,142 INFO  [main] ? - Set Text value: QA Test Question 1Thu Aug 24 12:28:14 IST 2017 into By.xpath: //textarea[contains(@id,'inputQuestionQuestionText')]
2017-08-24 12:29:43,339 INFO  [main] ? - Quesion 1 added successfully.
2017-08-24 12:30:07,545 INFO  [main] ? - Opening App Launcher
2017-08-24 12:30:10,431 ERROR [main] ? - There is exception: org.openqa.selenium.WebDriverException: unknown error: Element <span class="label slds-truncate slds-text-link" data-aura-rendered-by="10:2996;a">...</span> is not clickable at point (760, 581). Other element would receive the click: <div class="modal-container slds-modal__container" data-aura-rendered-by="641:2862;a">...</div>
  (Session info: chrome=60.0.3112.101)
  (Driver info: chromedriver=2.31.488763 (092de99f48a300323ecf8c2a4e2e7cab51de5ba8),platform=Windows NT 6.2.9200 x86) (WARNING: The server did not provide any stacktrace information)
Command duration or timeout: 73 milliseconds
Build info: version: '2.53.1', revision: 'a36b8b1cd5757287168e54b817830adce9b0158d', time: '2016-06-30 19:26:09'
System info: host: 'SDN-271', ip: '172.10.100.59', os.name: 'Windows 8', os.arch: 'x86', os.version: '6.2', java.version: '1.8.0_11'
Driver info: org.openqa.selenium.chrome.ChromeDriver
Capabilities [{applicationCacheEnabled=false, rotatable=false, mobileEmulationEnabled=false, networkConnectionEnabled=false, chrome={chromedriverVersion=2.31.488763 (092de99f48a300323ecf8c2a4e2e7cab51de5ba8), userDataDir=C:\Users\RISHUK~1\AppData\Local\Temp\scoped_dir376_24184}, takesHeapSnapshot=true, pageLoadStrategy=normal, databaseEnabled=false, handlesAlerts=true, hasTouchScreen=false, version=60.0.3112.101, platform=WIN8, browserConnectionEnabled=false, nativeEvents=true, acceptSslCerts=true, locationContextEnabled=true, webStorageEnabled=true, browserName=chrome, takesScreenshot=true, javascriptEnabled=true, cssSelectorsEnabled=true, setWindowRect=true, unexpectedAlertBehaviour=}]
Session ID: 5d55bc8b3c13bded6bb027a1aabcfbd5
2017-08-24 12:30:20,209 INFO  [main] ? - Adding new TP Group: VerifySendRequirement Thu Aug 24 12:30:07 IST 2017
2017-08-24 12:30:30,385 INFO  [main] ? - Switching to frame: 4
2017-08-24 12:30:33,099 INFO  [main] ? - Set Text value: VerifySendRequirement Thu Aug 24 12:30:07 IST 2017 into By.id: txtGroupName
2017-08-24 12:30:33,109 INFO  [main] ? - Tag added successfully in VerifySendRequirement Thu Aug 24 12:30:07 IST 2017
2017-08-24 12:30:33,717 INFO  [main] ? - Saving VerifySendRequirement Thu Aug 24 12:30:07 IST 2017
2017-08-24 12:30:59,510 ERROR [main] ? - There is exception: java.lang.Exception: By.partialLinkText: VerifySendRequirement Thu Aug 24 12:30:07 IST 2017 element is not present and displayed
2017-08-24 12:30:59,510 INFO  [main] ? - The link VerifySendRequirement Thu Aug 24 12:30:07 IST 2017 is clicked.
2017-08-24 12:30:59,510 INFO  [main] ? - Opening TP Group VerifySendRequirement Thu Aug 24 12:30:07 IST 2017
2017-08-24 12:30:59,814 INFO  [main] ? - Opening TP Group VerifySendRequirement Thu Aug 24 12:30:07 IST 2017
2017-08-24 12:30:59,814 INFO  [main] ? - Trading Partner Created sucessfully
2017-08-24 12:31:15,065 INFO  [main] ? - Clicking on the down arrow to click set requirement.
2017-08-24 12:31:25,524 INFO  [main] ? - Switching to frame: 4
2017-08-24 12:31:27,690 INFO  [main] ? - Selecting the Request type
2017-08-24 12:31:30,189 INFO  [main] ? - Selecting the form: [Ljava.lang.String;@121844c
2017-08-24 12:31:33,062 INFO  [main] ? - Clicking on date
2017-08-24 12:31:33,623 INFO  [main] ? - Selecting the due date for full filling the requirement.
2017-08-24 12:31:39,105 INFO  [main] ? - Selecting the Requirment as approval
2017-08-24 12:31:39,669 INFO  [main] ? - Clicking on send button.
2017-08-24 12:31:50,378 ERROR [main] ? - There is exception: java.lang.Exception: By.cssSelector: div.slds-x-small-buttons--horizontal > button.slds-button.slds-button--brand element is not present and displayed
2017-08-24 12:31:53,382 INFO  [main] ? - Requirement saved
2017-08-24 12:31:53,382 INFO  [main] ? - Edit tpg to add members
2017-08-24 12:32:29,142 INFO  [main] ? - Switching to frame: 3
2017-08-24 12:32:34,681 INFO  [main] ? - TP Group Edited
2017-08-24 12:32:34,681 INFO  [main] ? - Search for TP Compliance Request
2017-08-24 12:32:40,884 INFO  [main] ? - Global search text box clicked.
2017-08-24 12:32:41,918 INFO  [main] ? - Keyword Automation form Thu Aug 24 12:28:11 IST 2017 entered for searching.
2017-08-24 12:32:42,710 INFO  [main] ? - Clicked on Automation form Thu Aug 24 12:28:11 IST 2017 in salesforec.
2017-08-24 12:32:43,041 INFO  [main] ? - Clicked on show more link.
2017-08-24 12:32:47,637 INFO  [main] ? - Request has reflected on responder side
2017-08-24 12:32:47,637 INFO  [main] ? - Total Time taken while looking for request in Request Search Results:0seconds
2017-08-24 12:32:47,656 INFO  [main] ? - Request tab clicked
2017-08-24 12:32:58,549 WARN  [main] ? - TEST FAILED - AutoReqCreationAddTP
2017-08-24 12:49:29,883 INFO  [main] ? - User info initialized from suite file
2017-08-24 12:49:48,768 INFO  [main] ? - The Testcase name is :AutoReqCreationAddTP
2017-08-24 12:49:48,768 INFO  [main] ? - Start Log in to application
2017-08-24 12:49:49,254 INFO  [main] ? - Set Text value: feature04@icix.com into By.id: username
2017-08-24 12:49:49,654 INFO  [main] ? - Set Text value: test@1234 into By.id: password
2017-08-24 12:49:49,674 INFO  [main] ? - Clicking on:Login button
2017-08-24 12:50:21,668 INFO  [main] ? - Requestor logged in successfully.
2017-08-24 12:50:21,668 INFO  [main] ? - Login as a Responder
2017-08-24 12:50:21,716 INFO  [main] ? - Opening App Launcher
2017-08-24 12:50:23,914 INFO  [main] ? - FormList list is clicked
2017-08-24 12:50:50,550 INFO  [main] ? - Switching to frame: 3
2017-08-24 12:51:22,608 INFO  [main] ? - New form button is clicked.
2017-08-24 12:51:23,351 INFO  [main] ? - Set Text value: [Ljava.lang.String;@19ab47b into By.id: j_id0:form:containerBlock:containerNew:inputContainerName
2017-08-24 12:51:23,352 INFO  [main] ? - Form name [Ljava.lang.String;@19ab47b added.
2017-08-24 12:51:28,986 INFO  [main] ? - Container added successfully
2017-08-24 12:51:32,504 INFO  [main] ? - Set Text value: QA_TestlayoutThu Aug 24 12:50:23 IST 2017 into By.id: j_id0:form:layoutBlock:layoutNew:inputLayoutName
2017-08-24 12:51:32,865 INFO  [main] ? - Layout added successfully.
2017-08-24 12:51:38,445 INFO  [main] ? - Set Text value: QA Test Tab1 into By.id: j_id0:form:tabBlock:tabSection:tabTable:0:j_id47
2017-08-24 12:51:40,663 INFO  [main] ? - Tab 1 added successfully.
2017-08-24 12:51:48,571 INFO  [main] ? - Set Text value: QA Test Section1 into By.id: j_id0:form:sectionBlock:sectionSection:sectionTable:0:j_id74
2017-08-24 12:51:51,968 INFO  [main] ? - Section 1 added successfully.
2017-08-24 12:51:54,495 INFO  [main] ? - Set Text value: QA 1Thu Aug 24 12:50:23 IST 2017 into By.id: j_id0:form:newElementWithQuestion:newQuestionBlock:inputQuestionName
2017-08-24 12:51:55,241 INFO  [main] ? - Set Text value: QA Test Question 1Thu Aug 24 12:50:23 IST 2017 into By.xpath: //textarea[contains(@id,'inputQuestionQuestionText')]
2017-08-24 12:51:55,419 INFO  [main] ? - Quesion 1 added successfully.
2017-08-24 12:52:19,665 INFO  [main] ? - Opening App Launcher
2017-08-24 12:52:25,417 INFO  [main] ? - Adding new TP Group: VerifySendRequirement Thu Aug 24 12:52:19 IST 2017
2017-08-24 12:52:35,548 INFO  [main] ? - Switching to frame: 3
2017-08-24 12:52:47,848 WARN  [main] ? - element is not present and displayed
2017-08-24 12:52:47,879 ERROR [main] ? - There is an exception in setting a text value: org.openqa.selenium.NoSuchElementException: no such element: Unable to locate element: {"method":"id","selector":"txtGroupName"}
  (Session info: chrome=60.0.3112.101)
  (Driver info: chromedriver=2.31.488763 (092de99f48a300323ecf8c2a4e2e7cab51de5ba8),platform=Windows NT 6.2.9200 x86) (WARNING: The server did not provide any stacktrace information)
Command duration or timeout: 13 milliseconds
For documentation on this error, please visit: http://seleniumhq.org/exceptions/no_such_element.html
Build info: version: '2.53.1', revision: 'a36b8b1cd5757287168e54b817830adce9b0158d', time: '2016-06-30 19:26:09'
System info: host: 'SDN-271', ip: '172.10.100.59', os.name: 'Windows 8', os.arch: 'x86', os.version: '6.2', java.version: '1.8.0_11'
Driver info: org.openqa.selenium.chrome.ChromeDriver
Capabilities [{applicationCacheEnabled=false, rotatable=false, mobileEmulationEnabled=false, networkConnectionEnabled=false, chrome={chromedriverVersion=2.31.488763 (092de99f48a300323ecf8c2a4e2e7cab51de5ba8), userDataDir=C:\Users\RISHUK~1\AppData\Local\Temp\scoped_dir4504_7694}, takesHeapSnapshot=true, pageLoadStrategy=normal, databaseEnabled=false, handlesAlerts=true, hasTouchScreen=false, version=60.0.3112.101, platform=WIN8, browserConnectionEnabled=false, nativeEvents=true, acceptSslCerts=true, locationContextEnabled=true, webStorageEnabled=true, browserName=chrome, takesScreenshot=true, javascriptEnabled=true, cssSelectorsEnabled=true, setWindowRect=true, unexpectedAlertBehaviour=}]
Session ID: 52684a87c268648a94a0d675b9411e39
*** Element info: {Using=id, value=txtGroupName}
2017-08-24 12:52:48,557 WARN  [main] ? - TEST FAILED - AutoReqCreationAddTP
2017-08-24 12:56:20,276 INFO  [main] ? - User info initialized from suite file
2017-08-24 12:56:38,378 INFO  [main] ? - The Testcase name is :AutoReqCreationAddTP
2017-08-24 12:56:38,378 INFO  [main] ? - Start Log in to application
2017-08-24 12:56:38,815 INFO  [main] ? - Set Text value: feature04@icix.com into By.id: username
2017-08-24 12:56:39,221 INFO  [main] ? - Set Text value: test@1234 into By.id: password
2017-08-24 12:56:39,242 INFO  [main] ? - Clicking on:Login button
2017-08-24 12:57:19,371 INFO  [main] ? - Requestor logged in successfully.
2017-08-24 12:57:19,371 INFO  [main] ? - Login as a Responder
2017-08-24 12:57:19,424 INFO  [main] ? - Opening App Launcher
2017-08-24 12:57:22,017 INFO  [main] ? - FormList list is clicked
2017-08-24 12:57:42,903 INFO  [main] ? - Switching to frame: 3
2017-08-24 12:58:08,549 INFO  [main] ? - New form button is clicked.
2017-08-24 12:58:09,402 INFO  [main] ? - Set Text value: [Ljava.lang.String;@a2b17b into By.id: j_id0:form:containerBlock:containerNew:inputContainerName
2017-08-24 12:58:09,402 INFO  [main] ? - Form name [Ljava.lang.String;@a2b17b added.
2017-08-24 12:58:14,875 INFO  [main] ? - Container added successfully
2017-08-24 12:58:19,451 INFO  [main] ? - Set Text value: QA_TestlayoutThu Aug 24 12:57:22 IST 2017 into By.id: j_id0:form:layoutBlock:layoutNew:inputLayoutName
2017-08-24 12:58:19,841 INFO  [main] ? - Layout added successfully.
2017-08-24 12:58:26,112 INFO  [main] ? - Set Text value: QA Test Tab1 into By.id: j_id0:form:tabBlock:tabSection:tabTable:0:j_id47
2017-08-24 12:58:28,640 INFO  [main] ? - Tab 1 added successfully.
2017-08-24 12:58:33,856 INFO  [main] ? - Set Text value: QA Test Section1 into By.id: j_id0:form:sectionBlock:sectionSection:sectionTable:0:j_id74
2017-08-24 12:58:36,333 INFO  [main] ? - Section 1 added successfully.
2017-08-24 12:58:38,850 INFO  [main] ? - Set Text value: QA 1Thu Aug 24 12:57:22 IST 2017 into By.id: j_id0:form:newElementWithQuestion:newQuestionBlock:inputQuestionName
2017-08-24 12:58:39,673 INFO  [main] ? - Set Text value: QA Test Question 1Thu Aug 24 12:57:22 IST 2017 into By.xpath: //textarea[contains(@id,'inputQuestionQuestionText')]
2017-08-24 12:58:39,854 INFO  [main] ? - Quesion 1 added successfully.
2017-08-24 12:59:04,102 INFO  [main] ? - Opening App Launcher
2017-08-24 12:59:19,041 INFO  [main] ? - Adding new TP Group: VerifySendRequirement Thu Aug 24 12:59:04 IST 2017
2017-08-24 12:59:29,220 INFO  [main] ? - Switching to frame: 4
2017-08-24 12:59:31,908 INFO  [main] ? - Set Text value: VerifySendRequirement Thu Aug 24 12:59:04 IST 2017 into By.id: txtGroupName
2017-08-24 12:59:31,918 INFO  [main] ? - Tag added successfully in VerifySendRequirement Thu Aug 24 12:59:04 IST 2017
2017-08-24 12:59:32,516 INFO  [main] ? - Saving VerifySendRequirement Thu Aug 24 12:59:04 IST 2017
2017-08-24 12:59:58,410 ERROR [main] ? - There is exception: java.lang.Exception: By.partialLinkText: VerifySendRequirement Thu Aug 24 12:59:04 IST 2017 element is not present and displayed
2017-08-24 12:59:58,410 INFO  [main] ? - The link VerifySendRequirement Thu Aug 24 12:59:04 IST 2017 is clicked.
2017-08-24 12:59:58,410 INFO  [main] ? - Opening TP Group VerifySendRequirement Thu Aug 24 12:59:04 IST 2017
2017-08-24 12:59:58,849 INFO  [main] ? - Opening TP Group VerifySendRequirement Thu Aug 24 12:59:04 IST 2017
2017-08-24 12:59:58,849 INFO  [main] ? - Trading Partner Created sucessfully
2017-08-24 13:00:16,335 INFO  [main] ? - Clicking on the down arrow to click set requirement.
2017-08-24 13:00:26,381 INFO  [main] ? - Switching to frame: 4
2017-08-24 13:00:28,558 INFO  [main] ? - Selecting the Request type
2017-08-24 13:00:31,306 INFO  [main] ? - Selecting the form: [Ljava.lang.String;@a2b17b
2017-08-24 13:00:33,998 INFO  [main] ? - Clicking on date
2017-08-24 13:00:34,470 INFO  [main] ? - Selecting the due date for full filling the requirement.
2017-08-24 13:00:39,920 INFO  [main] ? - Selecting the Requirment as approval
2017-08-24 13:00:40,547 INFO  [main] ? - Clicking on send button.
2017-08-24 13:00:50,966 ERROR [main] ? - There is exception: java.lang.Exception: By.cssSelector: div.slds-x-small-buttons--horizontal > button.slds-button.slds-button--brand element is not present and displayed
2017-08-24 13:00:53,970 INFO  [main] ? - Requirement saved
2017-08-24 13:00:53,970 INFO  [main] ? - Edit tpg to add members
2017-08-24 13:01:19,695 INFO  [main] ? - Switching to frame: 3
2017-08-24 13:01:25,279 INFO  [main] ? - TP Group Edited
2017-08-24 13:01:25,279 INFO  [main] ? - Search for TP Compliance Request
2017-08-24 13:01:31,631 INFO  [main] ? - Global search text box clicked.
2017-08-24 13:01:32,479 INFO  [main] ? - Keyword Automation form Thu Aug 24 12:57:19 IST 2017 entered for searching.
2017-08-24 13:01:33,298 INFO  [main] ? - Clicked on Automation form Thu Aug 24 12:57:19 IST 2017 in salesforec.
2017-08-24 13:01:33,558 INFO  [main] ? - Clicked on show more link.
2017-08-24 13:01:39,770 WARN  [main] ? - element is not present and displayed
2017-08-24 13:01:45,029 WARN  [main] ? - element is not present and displayed
2017-08-24 13:01:45,100 INFO  [main] ? - Request has reflected on responder side
2017-08-24 13:01:45,100 INFO  [main] ? - Total Time taken while looking for request in Request Search Results:0seconds
2017-08-24 13:01:45,116 WARN  [main] ? - Request has not been reflected on reponder side within 5 minutes
2017-08-24 13:01:45,116 INFO  [main] ? - Request tab clicked
2017-08-24 13:01:45,616 INFO  [main] ? - Automatic Request created sucessfully
