2017-08-22 09:17:02,360 INFO  [main] ? - User info initialized from suite file
2017-08-22 09:17:25,167 INFO  [main] ? - Test Case Name is: CreateProductWithoutUID
2017-08-22 09:17:25,168 INFO  [main] ? - Log in to application
2017-08-22 09:17:25,203 INFO  [main] ? - Start Log in to application
2017-08-22 09:17:25,995 INFO  [main] ? - Set Text value: feature04@icix.com into By.id: username
2017-08-22 09:17:26,413 INFO  [main] ? - Set Text value: test@1234 into By.id: password
2017-08-22 09:17:26,433 INFO  [main] ? - Clicking on:Login button
2017-08-22 09:17:57,222 INFO  [main] ? - Requestor logged in successfully.
2017-08-22 09:17:57,222 INFO  [main] ? - Create product Without UID
2017-08-22 09:17:57,508 INFO  [main] ? - Opening App Launcher
2017-08-22 09:17:57,832 INFO  [main] ? - Clicking on:ICIX Product
2017-08-22 09:18:00,843 INFO  [main] ? - Clicking on:New Product
2017-08-22 09:18:33,782 INFO  [main] ? - Set Text value: StagingPKG02 into By.id: txt_SearchTermTradingPartner
2017-08-22 09:18:41,598 INFO  [main] ? - Set Text value: Product Testing into By.xpath: //input[@id='ProductName']
2017-08-22 09:18:42,451 INFO  [main] ? - Set Text value: Product Testing into By.id: ProductDesc
2017-08-22 09:18:44,524 INFO  [main] ? - Set Text value: StagingPKG02 into By.id: txt_UPTardingPartner_Name
2017-08-22 09:19:35,637 WARN  [main] ? - element is not present and displayed
2017-08-22 09:20:25,669 WARN  [main] ? - element is not present and displayed
2017-08-22 09:24:00,082 INFO  [main] ? - User info initialized from suite file
2017-08-22 09:24:26,498 INFO  [main] ? - Test Case Name is: TestProductSearchByUniID
2017-08-22 09:24:26,499 INFO  [main] ? - Test Case Name is: TestProductSearchByUniID
2017-08-22 09:24:26,499 INFO  [main] ? - Start Log in to application
2017-08-22 09:24:27,073 INFO  [main] ? - Set Text value: feature04@icix.com into By.id: username
2017-08-22 09:24:27,495 INFO  [main] ? - Set Text value: test@1234 into By.id: password
2017-08-22 09:24:27,515 INFO  [main] ? - Clicking on:Login button
2017-08-22 09:26:23,821 INFO  [main] ? - Requestor logged in successfully.
2017-08-22 09:26:23,873 INFO  [main] ? - Opening App Launcher
2017-08-22 09:27:00,497 INFO  [main] ? - Set Text value: StagingPKG02 into By.id: txt_SearchTermTradingPartner
2017-08-22 09:27:03,625 INFO  [main] ? - Set Text value: 1118905906753 into By.id: txt_SearchTerm
2017-08-22 09:27:10,264 WARN  [main] ? - element is not present and displayed
2017-08-22 09:27:11,362 INFO  [main] ? - Set Text value: Product Testing into By.xpath: //input[@id='ProductName']
2017-08-22 09:27:12,339 INFO  [main] ? - Set Text value: 12312312318905906753 into By.id: txt_product_UniversalId_Value0
2017-08-22 09:27:13,024 INFO  [main] ? - Set Text value: Product Testing into By.id: ProductDesc
2017-08-22 09:27:15,194 INFO  [main] ? - Set Text value: StagingPKG02 into By.id: txt_UPTardingPartner_Name
2017-08-22 11:47:05,900 INFO  [main] ? - User info initialized from suite file
2017-08-22 11:47:24,302 INFO  [main] ? - The Testcase name is :testSearchByIcixId
2017-08-22 11:47:24,303 INFO  [main] ? - Start Log in to application
2017-08-22 11:47:24,773 INFO  [main] ? - Set Text value: feature04@icix.com into By.id: username
2017-08-22 11:47:25,180 INFO  [main] ? - Set Text value: test@1234 into By.id: password
2017-08-22 11:47:25,200 INFO  [main] ? - Clicking on:Login button
2017-08-22 11:48:08,531 INFO  [main] ? - Requestor logged in successfully.
2017-08-22 11:48:08,531 INFO  [main] ? - Login as a Requestor
2017-08-22 11:48:08,578 INFO  [main] ? - Opening App Launcher
2017-08-22 11:48:08,844 INFO  [main] ? - Clicking on:Account Link
2017-08-22 11:48:10,947 INFO  [main] ? - Clicking on:Account New
2017-08-22 11:48:41,134 INFO  [main] ? - Switching to frame: 3
2017-08-22 11:48:43,134 INFO  [main] ? - Clicking on:Advance search
2017-08-22 11:48:43,841 INFO  [main] ? - Set Text value: 44 into By.xpath: //input[@ng-model='avm.newPartner.icixId']
2017-08-22 11:48:43,851 INFO  [main] ? - Serached By ICIXID
2017-08-22 11:50:37,043 INFO  [main] ? - User info initialized from suite file
2017-08-22 11:51:00,536 INFO  [main] ? - The Testcase name is :testSearchByIcixId
2017-08-22 11:51:00,536 INFO  [main] ? - Start Log in to application
2017-08-22 11:51:00,993 INFO  [main] ? - Set Text value: feature04@icix.com into By.id: username
2017-08-22 11:51:01,401 INFO  [main] ? - Set Text value: test@1234 into By.id: password
2017-08-22 11:51:01,421 INFO  [main] ? - Clicking on:Login button
2017-08-22 11:51:41,946 INFO  [main] ? - Requestor logged in successfully.
2017-08-22 11:51:41,946 INFO  [main] ? - Login as a Requestor
2017-08-22 11:51:41,996 INFO  [main] ? - Opening App Launcher
2017-08-22 11:51:42,275 INFO  [main] ? - Clicking on:Account Link
2017-08-22 11:51:44,407 INFO  [main] ? - Clicking on:Account New
2017-08-22 11:52:07,038 INFO  [main] ? - Switching to frame: 3
2017-08-22 11:52:09,039 INFO  [main] ? - Clicking on:Advance search
2017-08-22 11:52:09,841 INFO  [main] ? - Set Text value: 44 into By.xpath: //input[@ng-model='avm.newPartner.icixId']
2017-08-22 11:52:12,234 INFO  [main] ? - Serached By ICIXID
2017-08-22 11:53:12,931 INFO  [main] ? - User info initialized from suite file
2017-08-22 11:53:32,114 INFO  [main] ? - The Testcase name is :testSearchByIcixId
2017-08-22 11:53:32,114 INFO  [main] ? - Start Log in to application
2017-08-22 11:53:32,609 INFO  [main] ? - Set Text value: feature04@icix.com into By.id: username
2017-08-22 11:53:33,028 INFO  [main] ? - Set Text value: test@1234 into By.id: password
2017-08-22 11:53:33,048 INFO  [main] ? - Clicking on:Login button
2017-08-22 11:54:17,822 INFO  [main] ? - Requestor logged in successfully.
2017-08-22 11:54:17,823 INFO  [main] ? - Login as a Requestor
2017-08-22 11:54:17,874 INFO  [main] ? - Opening App Launcher
2017-08-22 11:54:18,096 INFO  [main] ? - Clicking on:Account Link
2017-08-22 11:54:21,075 INFO  [main] ? - Clicking on:Account New
2017-08-22 11:54:46,108 INFO  [main] ? - Switching to frame: 3
2017-08-22 11:54:48,108 INFO  [main] ? - Clicking on:Advance search
2017-08-22 11:54:48,812 INFO  [main] ? - Set Text value: 44 into By.xpath: //input[@ng-model='avm.newPartner.icixId']
2017-08-22 11:54:50,731 INFO  [main] ? - Serached By ICIXID
2017-08-22 11:55:38,734 INFO  [main] ? - User info initialized from suite file
2017-08-22 11:56:03,883 INFO  [main] ? - The Testcase name is :testSearchByIcixId
2017-08-22 11:56:03,885 INFO  [main] ? - Start Log in to application
2017-08-22 11:56:04,354 INFO  [main] ? - Set Text value: feature04@icix.com into By.id: username
2017-08-22 11:56:04,762 INFO  [main] ? - Set Text value: test@1234 into By.id: password
2017-08-22 11:56:04,783 INFO  [main] ? - Clicking on:Login button
2017-08-22 11:59:20,294 INFO  [main] ? - Requestor logged in successfully.
2017-08-22 11:59:20,294 INFO  [main] ? - Login as a Requestor
2017-08-22 11:59:20,343 INFO  [main] ? - Opening App Launcher
2017-08-22 11:59:20,643 INFO  [main] ? - Clicking on:Account Link
2017-08-22 11:59:23,756 INFO  [main] ? - Clicking on:Account New
2017-08-22 12:01:48,059 INFO  [main] ? - Switching to frame: 3
2017-08-22 12:01:50,060 INFO  [main] ? - Clicking on:Advance search
2017-08-22 12:01:50,844 INFO  [main] ? - Set Text value: 00 into By.xpath: //input[@ng-model='avm.newPartner.icixId']
2017-08-22 12:01:52,312 INFO  [main] ? - Serached By ICIXID
2017-08-22 12:02:23,587 INFO  [main] ? - User info initialized from suite file
2017-08-22 12:02:58,645 INFO  [main] ? - The Testcase name is :testSearchByIcixId
2017-08-22 12:02:58,645 INFO  [main] ? - Start Log in to application
2017-08-22 12:02:59,108 INFO  [main] ? - Set Text value: feature04@icix.com into By.id: username
2017-08-22 12:02:59,517 INFO  [main] ? - Set Text value: test@1234 into By.id: password
2017-08-22 12:02:59,538 INFO  [main] ? - Clicking on:Login button
2017-08-22 12:06:22,748 INFO  [main] ? - Requestor logged in successfully.
2017-08-22 12:06:22,748 INFO  [main] ? - Login as a Requestor
2017-08-22 12:06:22,819 INFO  [main] ? - Opening App Launcher
2017-08-22 12:06:23,050 INFO  [main] ? - Clicking on:Account Link
2017-08-22 12:06:32,371 INFO  [main] ? - Clicking on:Account New
2017-08-22 12:07:14,995 INFO  [main] ? - Switching to frame: 3
2017-08-22 12:07:16,995 INFO  [main] ? - Clicking on:Advance search
2017-08-22 12:07:17,765 INFO  [main] ? - Set Text value: 565500 into By.xpath: //input[@ng-model='avm.newPartner.icixId']
2017-08-22 12:07:20,808 WARN  [main] ? - TEST FAILED - testSearchByIcixId
2017-08-22 12:18:39,440 INFO  [main] ? - User info initialized from suite file
2017-08-22 12:19:31,713 INFO  [main] ? - The testcase name is: VerifySendRequirement
2017-08-22 12:19:31,714 INFO  [main] ? - Start Log in to application
2017-08-22 12:19:32,205 INFO  [main] ? - Set Text value: feature04@icix.com into By.id: username
2017-08-22 12:19:32,626 INFO  [main] ? - Set Text value: test@1234 into By.id: password
2017-08-22 12:19:32,646 INFO  [main] ? - Clicking on:Login button
2017-08-22 12:23:59,861 INFO  [main] ? - Requestor logged in successfully.
2017-08-22 12:23:59,909 INFO  [main] ? - Opening App Launcher
2017-08-22 12:24:05,491 INFO  [main] ? - FormList list is clicked
2017-08-22 12:24:22,291 INFO  [main] ? - Switching to frame: 3
2017-08-22 12:24:24,973 WARN  [main] ? - TEST FAILED - VerifySendRequirement
2017-08-22 12:28:11,890 INFO  [main] ? - User info initialized from suite file
2017-08-22 12:28:37,534 INFO  [main] ? - The testcase name is: VerifySendRequirement
2017-08-22 12:28:37,534 INFO  [main] ? - Start Log in to application
2017-08-22 12:28:38,031 INFO  [main] ? - Set Text value: feature04@icix.com into By.id: username
2017-08-22 12:28:38,473 INFO  [main] ? - Set Text value: test@1234 into By.id: password
2017-08-22 12:28:38,493 INFO  [main] ? - Clicking on:Login button
2017-08-22 12:30:08,756 INFO  [main] ? - Requestor logged in successfully.
2017-08-22 12:30:08,881 INFO  [main] ? - Opening App Launcher
2017-08-22 12:30:13,468 INFO  [main] ? - FormList list is clicked
2017-08-22 12:30:27,545 INFO  [main] ? - Switching to frame: 3
2017-08-22 12:30:29,926 WARN  [main] ? - TEST FAILED - VerifySendRequirement
2017-08-22 12:30:45,684 INFO  [main] ? - User info initialized from suite file
2017-08-22 12:31:10,452 INFO  [main] ? - The testcase name is: VerifySendRequirement
2017-08-22 12:31:10,452 INFO  [main] ? - Start Log in to application
2017-08-22 12:31:10,946 INFO  [main] ? - Set Text value: feature04@icix.com into By.id: username
2017-08-22 12:31:11,356 INFO  [main] ? - Set Text value: test@1234 into By.id: password
2017-08-22 12:31:11,376 INFO  [main] ? - Clicking on:Login button
2017-08-22 12:32:53,404 INFO  [main] ? - Requestor logged in successfully.
2017-08-22 12:32:53,454 INFO  [main] ? - Opening App Launcher
2017-08-22 12:32:58,434 INFO  [main] ? - FormList list is clicked
2017-08-22 12:34:35,121 INFO  [main] ? - Switching to frame: 3
2017-08-22 12:35:34,494 INFO  [main] ? - New form button is clicked.
2017-08-22 12:35:35,565 INFO  [main] ? - Set Text value: [Ljava.lang.String;@1366632 into By.id: j_id0:form:containerBlock:containerNew:inputContainerName
2017-08-22 12:35:35,565 INFO  [main] ? - Form name [Ljava.lang.String;@1366632 added.
2017-08-22 12:35:51,084 INFO  [main] ? - Container added successfully
2017-08-22 12:35:56,602 INFO  [main] ? - Set Text value: QA_TestlayoutTue Aug 22 12:32:58 IST 2017 into By.id: j_id0:form:layoutBlock:layoutNew:inputLayoutName
2017-08-22 12:35:57,669 INFO  [main] ? - Layout added successfully.
2017-08-22 12:36:08,808 INFO  [main] ? - Set Text value: QA Test Tab1 into By.id: j_id0:form:tabBlock:tabSection:tabTable:0:j_id47
2017-08-22 12:36:14,034 INFO  [main] ? - Tab 1 added successfully.
2017-08-22 12:36:40,757 INFO  [main] ? - Set Text value: QA Test Section1 into By.id: j_id0:form:sectionBlock:sectionSection:sectionTable:0:j_id74
2017-08-22 12:36:46,398 INFO  [main] ? - Section 1 added successfully.
2017-08-22 12:36:49,803 INFO  [main] ? - Set Text value: QA 1Tue Aug 22 12:32:58 IST 2017 into By.id: j_id0:form:newElementWithQuestion:newQuestionBlock:inputQuestionName
2017-08-22 12:36:50,830 INFO  [main] ? - Set Text value: QA Test Question 1Tue Aug 22 12:32:58 IST 2017 into By.xpath: //textarea[contains(@id,'inputQuestionQuestionText')]
2017-08-22 12:36:51,035 INFO  [main] ? - Quesion 1 added successfully.
2017-08-22 12:37:15,232 INFO  [main] ? - Opening App Launcher
2017-08-22 12:38:43,613 INFO  [main] ? - Adding new TP Group: VerifySendRequirement Tue Aug 22 12:37:15 IST 2017
2017-08-22 12:38:54,095 INFO  [main] ? - Switching to frame: 4
2017-08-22 12:38:56,783 INFO  [main] ? - Set Text value: VerifySendRequirement Tue Aug 22 12:37:15 IST 2017 into By.id: txtGroupName
2017-08-22 12:39:02,062 INFO  [main] ? - Tag added successfully in VerifySendRequirement Tue Aug 22 12:37:15 IST 2017
2017-08-22 12:39:07,352 INFO  [main] ? - Status added successfully in VerifySendRequirement Tue Aug 22 12:37:15 IST 2017
2017-08-22 12:39:22,187 INFO  [main] ? - Type added successfully in VerifySendRequirement Tue Aug 22 12:37:15 IST 2017
2017-08-22 12:39:22,952 INFO  [main] ? - Saving VerifySendRequirement Tue Aug 22 12:37:15 IST 2017
2017-08-22 12:39:48,497 ERROR [main] ? - There is exception: java.lang.Exception: By.partialLinkText: VerifySendRequirement Tue Aug 22 12:37:15 IST 2017 element is not present and displayed
2017-08-22 12:39:48,497 INFO  [main] ? - The link VerifySendRequirement Tue Aug 22 12:37:15 IST 2017 is clicked.
2017-08-22 12:39:48,498 INFO  [main] ? - Opening TP Group VerifySendRequirement Tue Aug 22 12:37:15 IST 2017
2017-08-22 12:39:48,822 INFO  [main] ? - Opening TP Group VerifySendRequirement Tue Aug 22 12:37:15 IST 2017
2017-08-22 12:40:10,125 INFO  [main] ? - Clicking on the down arrow to click set requirement.
2017-08-22 12:40:22,910 INFO  [main] ? - Switching to frame: 4
2017-08-22 12:40:25,143 INFO  [main] ? - Selecting the Request type
2017-08-22 12:40:25,921 INFO  [main] ? - Selecting the form: [Ljava.lang.String;@1366632
2017-08-22 12:40:29,136 INFO  [main] ? - Clicking on date
2017-08-22 12:40:29,886 INFO  [main] ? - Selecting the due date for full filling the requirement.
2017-08-22 12:40:35,307 INFO  [main] ? - Selecting the Requirment as approval
2017-08-22 12:40:35,855 INFO  [main] ? - Clicking on send button.
2017-08-22 12:40:46,410 ERROR [main] ? - There is exception: java.lang.Exception: By.cssSelector: div.slds-x-small-buttons--horizontal > button.slds-button.slds-button--brand element is not present and displayed
2017-08-22 12:40:49,413 INFO  [main] ? - Search for TP Compliance Request
2017-08-22 12:40:55,597 INFO  [main] ? - Global search text box clicked.
2017-08-22 12:40:57,238 INFO  [main] ? - Keyword Automation form Tue Aug 22 12:32:53 IST 2017 entered for searching.
2017-08-22 12:40:58,156 INFO  [main] ? - Clicked on Automation form Tue Aug 22 12:32:53 IST 2017 in salesforec.
2017-08-22 12:40:58,696 INFO  [main] ? - Clicked on show more link.
2017-08-22 12:41:05,572 INFO  [main] ? - Request has reflected on responder side
2017-08-22 12:41:05,572 INFO  [main] ? - Total Time taken while looking for request in Request Search Results:0seconds
2017-08-22 12:41:05,589 INFO  [main] ? - Request tab clicked
2017-08-22 12:41:06,090 INFO  [main] ? - TP Compliance Request created sucessfully
2017-08-22 12:42:39,497 INFO  [main] ? - User info initialized from suite file
2017-08-22 12:43:33,434 INFO  [main] ? - The testcase name is: VerifySendRequirement
2017-08-22 12:43:33,435 INFO  [main] ? - Start Log in to application
2017-08-22 12:43:33,916 INFO  [main] ? - Set Text value: feature04@icix.com into By.id: username
2017-08-22 12:43:34,325 INFO  [main] ? - Set Text value: test@1234 into By.id: password
2017-08-22 12:43:34,345 INFO  [main] ? - Clicking on:Login button
2017-08-22 12:48:34,576 ERROR [main] ? - Error on:Login button
2017-08-22 12:48:34,580 ERROR [main] ? - There is exception: timeout
  (Session info: chrome=60.0.3112.101)
  (Driver info: chromedriver=2.31.488763 (092de99f48a300323ecf8c2a4e2e7cab51de5ba8),platform=Windows NT 6.2.9200 x86) (WARNING: The server did not provide any stacktrace information)
Command duration or timeout: 300.15 seconds
Build info: version: '2.53.0', revision: '35ae25b1534ae328c771e0856c93e187490ca824', time: '2016-03-15 10:43:46'
System info: host: 'SDN-271', ip: '172.10.100.59', os.name: 'Windows 8', os.arch: 'x86', os.version: '6.2', java.version: '1.8.0_11'
Driver info: org.openqa.selenium.chrome.ChromeDriver
Capabilities [{applicationCacheEnabled=false, rotatable=false, mobileEmulationEnabled=false, networkConnectionEnabled=false, chrome={chromedriverVersion=2.31.488763 (092de99f48a300323ecf8c2a4e2e7cab51de5ba8), userDataDir=C:\Users\RISHUK~1\AppData\Local\Temp\scoped_dir2456_30234}, takesHeapSnapshot=true, pageLoadStrategy=normal, databaseEnabled=false, handlesAlerts=true, hasTouchScreen=false, version=60.0.3112.101, platform=WIN8, browserConnectionEnabled=false, nativeEvents=true, acceptSslCerts=true, locationContextEnabled=true, webStorageEnabled=true, browserName=chrome, takesScreenshot=true, javascriptEnabled=true, cssSelectorsEnabled=true, setWindowRect=true, unexpectedAlertBehaviour=}]
Session ID: cd62bdce30db8ae70ef567d705a0e432
2017-08-22 12:48:35,250 WARN  [main] ? - TEST FAILED - VerifySendRequirement
2017-08-22 12:48:46,157 ERROR [main] ? - There is exception: java.lang.Exception: By.xpath: //img[contains(@class,'profileTrigger')] element is not present and displayed
2017-08-22 12:48:56,476 ERROR [main] ? - There is exception: java.lang.Exception: By.linkText: Log Out element is not present and displayed
2017-08-22 12:50:21,900 INFO  [main] ? - User info initialized from suite file
2017-08-22 12:51:27,348 INFO  [main] ? - The testcase name is: VerifySendRequirement
2017-08-22 12:51:27,348 INFO  [main] ? - Start Log in to application
2017-08-22 12:51:27,816 INFO  [main] ? - Set Text value: feature04@icix.com into By.id: username
2017-08-22 12:51:28,276 INFO  [main] ? - Set Text value: test@1234 into By.id: password
2017-08-22 12:51:28,296 INFO  [main] ? - Clicking on:Login button
2017-08-22 12:52:17,783 INFO  [main] ? - Requestor logged in successfully.
2017-08-22 12:52:18,146 INFO  [main] ? - Opening App Launcher
2017-08-22 12:52:22,002 INFO  [main] ? - FormList list is clicked
2017-08-22 12:52:34,150 INFO  [main] ? - Switching to frame: 3
2017-08-22 12:52:36,543 WARN  [main] ? - TEST FAILED - VerifySendRequirement
2017-08-22 12:52:58,506 INFO  [main] ? - User info initialized from suite file
2017-08-22 12:53:39,653 INFO  [main] ? - The testcase name is: VerifySendRequirement
2017-08-22 12:53:39,653 INFO  [main] ? - Start Log in to application
2017-08-22 12:53:40,122 INFO  [main] ? - Set Text value: feature04@icix.com into By.id: username
2017-08-22 12:53:40,541 INFO  [main] ? - Set Text value: test@1234 into By.id: password
2017-08-22 12:53:40,561 INFO  [main] ? - Clicking on:Login button
2017-08-22 12:57:11,711 INFO  [main] ? - Requestor logged in successfully.
2017-08-22 12:57:11,759 INFO  [main] ? - Opening App Launcher
2017-08-22 12:57:18,632 INFO  [main] ? - FormList list is clicked
2017-08-22 12:57:29,181 INFO  [main] ? - Switching to frame: 3
2017-08-22 12:58:59,334 INFO  [main] ? - New form button is clicked.
2017-08-22 12:59:00,248 INFO  [main] ? - Set Text value: [Ljava.lang.String;@f2fed4 into By.id: j_id0:form:containerBlock:containerNew:inputContainerName
2017-08-22 12:59:00,248 INFO  [main] ? - Form name [Ljava.lang.String;@f2fed4 added.
2017-08-22 12:59:04,389 INFO  [main] ? - Container added successfully
2017-08-22 12:59:07,259 INFO  [main] ? - Set Text value: QA_TestlayoutTue Aug 22 12:57:18 IST 2017 into By.id: j_id0:form:layoutBlock:layoutNew:inputLayoutName
2017-08-22 12:59:07,638 INFO  [main] ? - Layout added successfully.
2017-08-22 12:59:16,415 INFO  [main] ? - Set Text value: QA Test Tab1 into By.id: j_id0:form:tabBlock:tabSection:tabTable:0:j_id47
2017-08-22 12:59:18,496 INFO  [main] ? - Tab 1 added successfully.
2017-08-22 12:59:23,890 INFO  [main] ? - Set Text value: QA Test Section1 into By.id: j_id0:form:sectionBlock:sectionSection:sectionTable:0:j_id74
2017-08-22 12:59:26,301 INFO  [main] ? - Section 1 added successfully.
2017-08-22 12:59:31,659 INFO  [main] ? - Set Text value: QA 1Tue Aug 22 12:57:18 IST 2017 into By.id: j_id0:form:newElementWithQuestion:newQuestionBlock:inputQuestionName
2017-08-22 12:59:32,397 INFO  [main] ? - Set Text value: QA Test Question 1Tue Aug 22 12:57:18 IST 2017 into By.xpath: //textarea[contains(@id,'inputQuestionQuestionText')]
2017-08-22 12:59:32,590 INFO  [main] ? - Quesion 1 added successfully.
2017-08-22 12:59:56,866 INFO  [main] ? - Opening App Launcher
2017-08-22 13:01:01,664 INFO  [main] ? - Adding new TP Group: VerifySendRequirement Tue Aug 22 12:59:56 IST 2017
2017-08-22 13:01:12,160 INFO  [main] ? - Switching to frame: 4
2017-08-22 13:01:15,001 INFO  [main] ? - Set Text value: VerifySendRequirement Tue Aug 22 12:59:56 IST 2017 into By.id: txtGroupName
2017-08-22 13:01:15,229 INFO  [main] ? - Tag added successfully in VerifySendRequirement Tue Aug 22 12:59:56 IST 2017
2017-08-22 13:01:19,686 INFO  [main] ? - Status added successfully in VerifySendRequirement Tue Aug 22 12:59:56 IST 2017
2017-08-22 13:01:32,452 INFO  [main] ? - Type added successfully in VerifySendRequirement Tue Aug 22 12:59:56 IST 2017
2017-08-22 13:01:32,963 INFO  [main] ? - Saving VerifySendRequirement Tue Aug 22 12:59:56 IST 2017
2017-08-22 13:01:58,797 ERROR [main] ? - There is exception: java.lang.Exception: By.partialLinkText: VerifySendRequirement Tue Aug 22 12:59:56 IST 2017 element is not present and displayed
2017-08-22 13:01:58,797 INFO  [main] ? - The link VerifySendRequirement Tue Aug 22 12:59:56 IST 2017 is clicked.
2017-08-22 13:01:58,797 INFO  [main] ? - Opening TP Group VerifySendRequirement Tue Aug 22 12:59:56 IST 2017
2017-08-22 13:01:59,087 INFO  [main] ? - Opening TP Group VerifySendRequirement Tue Aug 22 12:59:56 IST 2017
2017-08-22 13:02:12,633 INFO  [main] ? - Clicking on the down arrow to click set requirement.
2017-08-22 13:02:23,106 INFO  [main] ? - Switching to frame: 4
2017-08-22 13:02:25,300 INFO  [main] ? - Selecting the Request type
2017-08-22 13:02:25,902 INFO  [main] ? - Selecting the form: [Ljava.lang.String;@f2fed4
2017-08-22 13:02:28,794 INFO  [main] ? - Clicking on date
2017-08-22 13:02:29,587 INFO  [main] ? - Selecting the due date for full filling the requirement.
2017-08-22 13:02:35,025 INFO  [main] ? - Selecting the Requirment as approval
2017-08-22 13:02:35,548 INFO  [main] ? - Clicking on send button.
2017-08-22 13:02:46,284 ERROR [main] ? - There is exception: java.lang.Exception: By.cssSelector: div.slds-x-small-buttons--horizontal > button.slds-button.slds-button--brand element is not present and displayed
2017-08-22 13:02:49,287 INFO  [main] ? - Search for TP Compliance Request
2017-08-22 13:02:56,104 INFO  [main] ? - Global search text box clicked.
2017-08-22 13:02:57,327 INFO  [main] ? - Keyword Automation form Tue Aug 22 12:57:11 IST 2017 entered for searching.
2017-08-22 13:02:58,367 INFO  [main] ? - Clicked on Automation form Tue Aug 22 12:57:11 IST 2017 in salesforec.
2017-08-22 13:02:58,848 INFO  [main] ? - Clicked on show more link.
2017-08-22 13:03:00,967 INFO  [main] ? - Request has reflected on responder side
2017-08-22 13:03:00,967 INFO  [main] ? - Total Time taken while looking for request in Request Search Results:0seconds
2017-08-22 13:03:00,986 INFO  [main] ? - Request tab clicked
2017-08-22 13:03:01,488 INFO  [main] ? - TP Compliance Request created sucessfully
2017-08-22 13:05:25,962 INFO  [main] ? - User info initialized from suite file
2017-08-22 13:05:45,468 INFO  [main] ? - The Testcase name is :Productgroup
2017-08-22 13:05:45,471 INFO  [main] ? - Start Log in to application
2017-08-22 13:05:45,954 INFO  [main] ? - Set Text value: feature04@icix.com into By.id: username
2017-08-22 13:05:46,436 INFO  [main] ? - Set Text value: test@1234 into By.id: password
2017-08-22 13:05:46,456 INFO  [main] ? - Clicking on:Login button
2017-08-22 13:08:39,208 INFO  [main] ? - Requestor logged in successfully.
2017-08-22 13:08:39,255 INFO  [main] ? - Opening App Launcher
2017-08-22 13:09:04,762 INFO  [main] ? - Switching to frame: 3
2017-08-22 13:09:08,060 INFO  [main] ? - Set Text value: Automation Product Group Tue Aug 22 13:08:39 IST 2017 into By.id: txtGroupName
2017-08-22 13:09:10,805 ERROR [main] ? - There is exception: java.lang.Exception: By.xpath: //span[@class='ng-binding'][contains(.,'Active')] element is not present and displayed
2017-08-22 13:11:08,987 ERROR [main] ? - There is exception: java.lang.Exception: By.id: icnMoveRight element is not present and displayed
2017-08-22 13:11:13,013 INFO  [main] ? - Product created
2017-08-22 17:24:34,131 INFO  [main] ? - Default User info initialized
2017-08-22 17:25:11,532 INFO  [main] ? - Default User info initialized
2017-08-22 17:25:29,643 INFO  [main] ? - Test started:TPG_RelationshipType
2017-08-22 17:25:29,644 INFO  [main] ? - Log in to application
2017-08-22 17:25:29,645 INFO  [main] ? - Start Log in to application
2017-08-22 17:25:30,286 INFO  [main] ? - Set Text value: feature04@icix.com into By.id: username
2017-08-22 17:25:30,721 INFO  [main] ? - Set Text value: test@1234 into By.id: password
2017-08-22 17:25:30,746 INFO  [main] ? - Clicking on:Login button
2017-08-22 17:26:12,412 INFO  [main] ? - Requestor logged in successfully.
2017-08-22 17:26:12,412 INFO  [main] ? - Create a new form
2017-08-22 17:26:12,464 INFO  [main] ? - Opening App Launcher
2017-08-22 17:26:16,397 INFO  [main] ? - FormList list is clicked
2017-08-22 17:26:42,658 INFO  [main] ? - Switching to frame: 3
2017-08-22 17:27:05,290 INFO  [main] ? - New form button is clicked.
2017-08-22 17:27:06,069 INFO  [main] ? - Set Text value: [Ljava.lang.String;@4c168660 into By.id: j_id0:form:containerBlock:containerNew:inputContainerName
2017-08-22 17:27:06,069 INFO  [main] ? - Form name [Ljava.lang.String;@4c168660 added.
2017-08-22 17:27:11,764 INFO  [main] ? - Container added successfully
2017-08-22 17:27:14,401 INFO  [main] ? - Set Text value: QA_TestlayoutTue Aug 22 17:26:16 IST 2017 into By.id: j_id0:form:layoutBlock:layoutNew:inputLayoutName
2017-08-22 17:27:14,821 INFO  [main] ? - Layout added successfully.
2017-08-22 17:27:23,682 INFO  [main] ? - Set Text value: QA Test Tab1 into By.id: j_id0:form:tabBlock:tabSection:tabTable:0:j_id47
2017-08-22 17:27:26,861 INFO  [main] ? - Tab 1 added successfully.
2017-08-22 17:27:33,757 INFO  [main] ? - Set Text value: QA Test Section1 into By.id: j_id0:form:sectionBlock:sectionSection:sectionTable:0:j_id74
2017-08-22 17:27:37,410 INFO  [main] ? - Section 1 added successfully.
2017-08-22 17:27:40,683 INFO  [main] ? - Set Text value: QA 1Tue Aug 22 17:26:16 IST 2017 into By.id: j_id0:form:newElementWithQuestion:newQuestionBlock:inputQuestionName
2017-08-22 17:27:41,551 INFO  [main] ? - Set Text value: QA Test Question 1Tue Aug 22 17:26:16 IST 2017 into By.xpath: //textarea[contains(@id,'inputQuestionQuestionText')]
2017-08-22 17:27:41,765 INFO  [main] ? - Quesion 1 added successfully.
2017-08-22 17:28:05,946 INFO  [main] ? - Create a Trading partner group
2017-08-22 17:28:06,021 INFO  [main] ? - Opening App Launcher
2017-08-22 17:28:16,255 INFO  [main] ? - Adding new TP Group: VerifySendRequirement Tue Aug 22 17:28:05 IST 2017
2017-08-22 17:28:26,328 INFO  [main] ? - Switching to frame: 4
2017-08-22 17:28:29,051 INFO  [main] ? - Set Text value: VerifySendRequirement Tue Aug 22 17:28:05 IST 2017 into By.id: txtGroupName
2017-08-22 17:28:29,316 INFO  [main] ? - Tag added successfully in VerifySendRequirement Tue Aug 22 17:28:05 IST 2017
2017-08-22 17:28:33,567 INFO  [main] ? - Status added successfully in VerifySendRequirement Tue Aug 22 17:28:05 IST 2017
2017-08-22 17:28:46,562 INFO  [main] ? - Type added successfully in VerifySendRequirement Tue Aug 22 17:28:05 IST 2017
2017-08-22 17:28:47,089 INFO  [main] ? - Saving VerifySendRequirement Tue Aug 22 17:28:05 IST 2017
2017-08-22 17:29:12,817 ERROR [main] ? - There is exception: java.lang.Exception: By.partialLinkText: VerifySendRequirement Tue Aug 22 17:28:05 IST 2017 element is not present and displayed
2017-08-22 17:29:12,817 INFO  [main] ? - The link VerifySendRequirement Tue Aug 22 17:28:05 IST 2017 is clicked.
2017-08-22 17:29:12,817 INFO  [main] ? - Opening TP Group VerifySendRequirement Tue Aug 22 17:28:05 IST 2017
2017-08-22 17:29:13,153 INFO  [main] ? - Opening TP Group VerifySendRequirement Tue Aug 22 17:28:05 IST 2017
2017-08-22 17:29:13,153 INFO  [main] ? - Set Requirements
2017-08-22 17:29:25,753 INFO  [main] ? - Clicking on the down arrow to click set requirement.
2017-08-22 17:29:35,825 INFO  [main] ? - Switching to frame: 4
2017-08-22 17:29:38,017 INFO  [main] ? - Selecting the Request type
2017-08-22 17:29:39,254 INFO  [main] ? - Selecting the form: [Ljava.lang.String;@4c168660
2017-08-22 17:29:42,043 INFO  [main] ? - Clicking on date
2017-08-22 17:29:42,707 INFO  [main] ? - Selecting the due date for full filling the requirement.
2017-08-22 17:29:48,193 INFO  [main] ? - Selecting the Requirment as approval
2017-08-22 17:29:48,685 INFO  [main] ? - Clicking on send button.
2017-08-22 17:29:59,129 ERROR [main] ? - There is exception: java.lang.Exception: By.cssSelector: div.slds-x-small-buttons--horizontal > button.slds-button.slds-button--brand element is not present and displayed
2017-08-22 18:43:08,885 INFO  [main] ? - User info initialized from suite file
2017-08-22 18:43:31,828 INFO  [main] ? - Test Case Name is: CreateProductWithoutUID
2017-08-22 18:43:31,828 INFO  [main] ? - Log in to application
2017-08-22 18:43:31,856 INFO  [main] ? - Start Log in to application
2017-08-22 18:43:32,511 INFO  [main] ? - Set Text value: feature04@icix.com into By.id: username
2017-08-22 18:43:32,960 INFO  [main] ? - Set Text value: test@1234 into By.id: password
2017-08-22 18:43:32,983 INFO  [main] ? - Clicking on:Login button
2017-08-22 18:44:17,693 INFO  [main] ? - Requestor logged in successfully.
2017-08-22 18:44:17,693 INFO  [main] ? - Create product Without UID
2017-08-22 18:44:17,801 INFO  [main] ? - Opening App Launcher
2017-08-22 18:44:17,986 INFO  [main] ? - Clicking on:ICIX Product
2017-08-22 18:44:20,637 INFO  [main] ? - Clicking on:New Product
2017-08-22 18:44:46,183 INFO  [main] ? - Set Text value: StagingPKG02 into By.id: txt_SearchTermTradingPartner
2017-08-22 18:44:51,923 INFO  [main] ? - Set Text value: Product Testing into By.xpath: //input[@id='ProductName']
2017-08-22 18:44:52,722 INFO  [main] ? - Set Text value: Product Testing into By.id: ProductDesc
2017-08-22 18:44:54,720 INFO  [main] ? - Set Text value: StagingPKG02 into By.id: txt_UPTardingPartner_Name
2017-08-22 18:45:45,739 WARN  [main] ? - element is not present and displayed
2017-08-22 18:46:36,227 WARN  [main] ? - element is not present and displayed
2017-08-22 18:47:02,329 INFO  [main] ? - Test Case Name is: TestProductSearchByUniID
2017-08-22 18:47:02,367 INFO  [main] ? - Test Case Name is: TestProductSearchByUniID
2017-08-22 18:47:02,367 INFO  [main] ? - Start Log in to application
2017-08-22 18:47:02,889 INFO  [main] ? - Set Text value: feature04@icix.com into By.id: username
2017-08-22 18:47:03,320 INFO  [main] ? - Set Text value: test@1234 into By.id: password
2017-08-22 18:47:03,346 INFO  [main] ? - Clicking on:Login button
2017-08-22 18:47:44,666 INFO  [main] ? - Requestor logged in successfully.
2017-08-22 18:47:44,717 INFO  [main] ? - Opening App Launcher
2017-08-22 18:48:14,194 INFO  [main] ? - Set Text value: StagingPKG02 into By.id: txt_SearchTermTradingPartner
2017-08-22 18:48:17,158 INFO  [main] ? - Set Text value: 1112895455371 into By.id: txt_SearchTerm
2017-08-22 18:48:23,776 WARN  [main] ? - element is not present and displayed
2017-08-22 18:48:24,489 INFO  [main] ? - Set Text value: Product Testing into By.xpath: //input[@id='ProductName']
2017-08-22 18:48:25,294 INFO  [main] ? - Set Text value: 12312312312895455371 into By.id: txt_product_UniversalId_Value0
2017-08-22 18:48:25,880 INFO  [main] ? - Set Text value: Product Testing into By.id: ProductDesc
2017-08-22 18:48:28,347 INFO  [main] ? - Set Text value: StagingPKG02 into By.id: txt_UPTardingPartner_Name
