<?xml version="1.0" encoding="UTF-8"?>
<testsuite name="SmokeSuite"
           tests="3"
           failures="1"
           errors="0"
           skipped="2"
           time="0.000">
  <properties />
            <testcase name="beforeClass" time="0.000" classname="icix.Tests.TC9672_Test">
                <failure type="java.lang.RuntimeException"
                  message="org.xml.sax.SAXParseException; lineNumber: 2; columnNumber: 18; Open quote is expected for attribute &quot;http-equiv&quot; associated with an  element type  &quot;meta&quot;."
              >
<![CDATA[java.lang.RuntimeException: org.xml.sax.SAXParseException; lineNumber: 2; columnNumber: 18; Open quote is expected for attribute "http-equiv" associated with an  element type  "meta".
  io.github.bonigarcia.wdm.BrowserManager.manage(BrowserManager.java:272)
  io.github.bonigarcia.wdm.BrowserManager.setup(BrowserManager.java:103)
  io.github.bonigarcia.wdm.BrowserManager.setup(BrowserManager.java:82)
  icix.Start.Start.InitilizeBrowser(Start.java:21)
  icix.Utils.Common.Init(Common.java:29)
  icix.Utils.TestBase.beforeClass(TestBase.java:34)
  sun.reflect.NativeMethodAccessorImpl.invoke0(Native Method)
  sun.reflect.NativeMethodAccessorImpl.invoke(NativeMethodAccessorImpl.java:57)
  sun.reflect.DelegatingMethodAccessorImpl.invoke(DelegatingMethodAccessorImpl.java:43)
  java.lang.reflect.Method.invoke(Method.java:601)
  org.testng.internal.MethodInvocationHelper.invokeMethod(MethodInvocationHelper.java:86)
  org.testng.internal.Invoker.invokeConfigurationMethod(Invoker.java:514)
  org.testng.internal.Invoker.invokeConfigurations(Invoker.java:215)
  org.testng.internal.Invoker.invokeConfigurations(Invoker.java:142)
  org.testng.internal.TestMethodWorker.invokeBeforeClassMethods(TestMethodWorker.java:178)
  org.testng.internal.TestMethodWorker.run(TestMethodWorker.java:108)
  org.testng.TestRunner.privateRun(TestRunner.java:782)
  org.testng.TestRunner.run(TestRunner.java:632)
  org.testng.SuiteRunner.runTest(SuiteRunner.java:366)
  org.testng.SuiteRunner.runSequentially(SuiteRunner.java:361)
  org.testng.SuiteRunner.privateRun(SuiteRunner.java:319)
  org.testng.SuiteRunner.run(SuiteRunner.java:268)
  org.testng.SuiteRunnerWorker.runSuite(SuiteRunnerWorker.java:52)
  org.testng.SuiteRunnerWorker.run(SuiteRunnerWorker.java:86)
  org.testng.TestNG.runSuitesSequentially(TestNG.java:1244)
  org.testng.TestNG.runSuitesLocally(TestNG.java:1169)
  org.testng.TestNG.run(TestNG.java:1064)
  org.testng.remote.RemoteTestNG.run(RemoteTestNG.java:113)
  org.testng.remote.RemoteTestNG.initAndRun(RemoteTestNG.java:206)
  org.testng.remote.RemoteTestNG.main(RemoteTestNG.java:177)
Caused by: org.xml.sax.SAXParseException; lineNumber: 2; columnNumber: 18; Open quote is expected for attribute "http-equiv" associated with an  element type  "meta".
  org.apache.xerces.parsers.DOMParser.parse(Unknown Source)
  org.apache.xerces.jaxp.DocumentBuilderImpl.parse(Unknown Source)
  io.github.bonigarcia.wdm.BrowserManager.loadXML(BrowserManager.java:482)
  io.github.bonigarcia.wdm.BrowserManager.getDriversFromXml(BrowserManager.java:451)
  io.github.bonigarcia.wdm.ChromeDriverManager.getDrivers(ChromeDriverManager.java:44)
  io.github.bonigarcia.wdm.BrowserManager.manage(BrowserManager.java:209)
  io.github.bonigarcia.wdm.BrowserManager.setup(BrowserManager.java:103)
  io.github.bonigarcia.wdm.BrowserManager.setup(BrowserManager.java:82)
  icix.Start.Start.InitilizeBrowser(Start.java:21)
  icix.Utils.Common.Init(Common.java:29)
  icix.Utils.TestBase.beforeClass(TestBase.java:34)
  sun.reflect.NativeMethodAccessorImpl.invoke0(Native Method)
  sun.reflect.NativeMethodAccessorImpl.invoke(NativeMethodAccessorImpl.java:57)
  sun.reflect.DelegatingMethodAccessorImpl.invoke(DelegatingMethodAccessorImpl.java:43)
  java.lang.reflect.Method.invoke(Method.java:601)
  org.testng.internal.MethodInvocationHelper.invokeMethod(MethodInvocationHelper.java:86)
  org.testng.internal.Invoker.invokeConfigurationMethod(Invoker.java:514)
  org.testng.internal.Invoker.invokeConfigurations(Invoker.java:215)
  org.testng.internal.Invoker.invokeConfigurations(Invoker.java:142)
  org.testng.internal.TestMethodWorker.invokeBeforeClassMethods(TestMethodWorker.java:178)
  org.testng.internal.TestMethodWorker.run(TestMethodWorker.java:108)
  org.testng.TestRunner.privateRun(TestRunner.java:782)
  org.testng.TestRunner.run(TestRunner.java:632)
  org.testng.SuiteRunner.runTest(SuiteRunner.java:366)
  org.testng.SuiteRunner.runSequentially(SuiteRunner.java:361)
  org.testng.SuiteRunner.privateRun(SuiteRunner.java:319)
  org.testng.SuiteRunner.run(SuiteRunner.java:268)
  org.testng.SuiteRunnerWorker.runSuite(SuiteRunnerWorker.java:52)
  org.testng.SuiteRunnerWorker.run(SuiteRunnerWorker.java:86)
  org.testng.TestNG.runSuitesSequentially(TestNG.java:1244)
  org.testng.TestNG.runSuitesLocally(TestNG.java:1169)
  org.testng.TestNG.run(TestNG.java:1064)
  org.testng.remote.RemoteTestNG.run(RemoteTestNG.java:113)
  org.testng.remote.RemoteTestNG.initAndRun(RemoteTestNG.java:206)
  org.testng.remote.RemoteTestNG.main(RemoteTestNG.java:177)
]]>
      </failure>

          </testcase>
  
            <testcase name="close" time="0.0" classname="icix.Tests.TC9672_Test">
          <skipped />
    </testcase>
            <testcase name="TwoActorWorkFlow" time="0.0" classname="icix.Tests.TC9672_Test">
          <skipped />
    </testcase>
  
  
</testsuite>
