<?xml version="1.0" encoding="UTF-8"?>
<!-- Generated by org.testng.reporters.JUnitReportReporter -->
<testsuite hostname="SDMQA-S67" name="icix.Tests.TC9666_Test" tests="3" failures="0" timestamp="27 Feb 2017 11:19:02 GMT" time="647.563" errors="1">
  <testcase name="VerifyRequestClosedAfterRemovingRequirement" time="128.862" classname="icix.Tests.TC9666_Test">
    <error type="org.openqa.selenium.WebDriverException" message="unknown error: Element &lt;iframe class=&quot;&quot; frameborder=&quot;0&quot; width=&quot;100%&quot; name=&quot;vfFrameId_1488194291584&quot; height=&quot;100%&quot; id=&quot;vfFrameId_1488194291584&quot; scrolling=&quot;yes&quot; data-aura-rendered-by=&quot;83:0&quot; allowfullscreen=&quot;true&quot; src=&quot;https://sdd3v05mvp.na30.visual.force.com/apex/SetPartnergroupRequirement?id=a0b3600000Bdsw3AAB&amp;amp;vfRetURLInSFX=%2Fa0b3600000Bdsw3AAB&amp;amp;isdtp=p1&amp;amp;sfdcIFrameOrigin=https://na30.lightning.force.com&amp;amp;sfdcIFrameHost=web&quot; cd_frame_id_=&quot;0f567b0780f2ef66284429874f36cbf1&quot;&gt;&lt;/iframe&gt; is not clickable at point (603, 25). Other element would receive the click: &lt;input class=&quot;slds-input slds-p-vertical--xxx-small slds-p-left--none slds-size--1-of-1 input default input uiInput uiInputTextForAutocomplete uiInput--{remove}&quot; maxlength=&quot;100&quot; role=&quot;combobox&quot; id=&quot;583:0;p&quot; aria-expanded=&quot;true&quot; aria-autocomplete=&quot;list&quot; type=&quot;text&quot; aria-describedby=&quot;inputDesktop-assistive-text&quot; aria-haspopup=&quot;true&quot; placeholder=&quot;Search Salesforce&quot; aria-activedescendant=&quot;&quot; title=&quot;Search Salesforce&quot; data-aura-rendered-by=&quot;607:0;p&quot; data-aura-class=&quot;uiInput uiInputTextForAutocomplete uiInput--{remove}&quot; data-interactive-lib-uid=&quot;4&quot;&gt;
  (Session info: chrome=56.0.2924.87)
  (Driver info: chromedriver=2.27.440174 (e97a722caafc2d3a8b807ee115bfb307f7d2cfd9),platform=Windows NT 6.1.7601 SP1 x86) (WARNING: The server did not provide any stacktrace information)
Command duration or timeout: 172 milliseconds
Build info: version: &#039;2.53.1&#039;, revision: &#039;a36b8b1cd5757287168e54b817830adce9b0158d&#039;, time: &#039;2016-06-30 19:26:09&#039;
System info: host: &#039;SDMQA-S67&#039;, ip: &#039;172.24.0.86&#039;, os.name: &#039;Windows 7&#039;, os.arch: &#039;x86&#039;, os.version: &#039;6.1&#039;, java.version: &#039;1.8.0_66&#039;
Driver info: org.openqa.selenium.chrome.ChromeDriver
Capabilities [{applicationCacheEnabled=false, rotatable=false, mobileEmulationEnabled=false, networkConnectionEnabled=false, chrome={chromedriverVersion=2.27.440174 (e97a722caafc2d3a8b807ee115bfb307f7d2cfd9), userDataDir=C:\Users\vishald\AppData\Local\Temp\scoped_dir7872_16648}, takesHeapSnapshot=true, pageLoadStrategy=normal, databaseEnabled=false, handlesAlerts=true, hasTouchScreen=false, version=56.0.2924.87, platform=XP, browserConnectionEnabled=false, nativeEvents=true, acceptSslCerts=true, locationContextEnabled=true, webStorageEnabled=true, browserName=chrome, takesScreenshot=true, javascriptEnabled=true, cssSelectorsEnabled=true, unexpectedAlertBehaviour=}]
Session ID: f286101f3499f8e228078d4f8f41eebb">
      <![CDATA[org.openqa.selenium.WebDriverException: unknown error: Element <iframe class="" frameborder="0" width="100%" name="vfFrameId_1488194291584" height="100%" id="vfFrameId_1488194291584" scrolling="yes" data-aura-rendered-by="83:0" allowfullscreen="true" src="https://sdd3v05mvp.na30.visual.force.com/apex/SetPartnergroupRequirement?id=a0b3600000Bdsw3AAB&amp;vfRetURLInSFX=%2Fa0b3600000Bdsw3AAB&amp;isdtp=p1&amp;sfdcIFrameOrigin=https://na30.lightning.force.com&amp;sfdcIFrameHost=web" cd_frame_id_="0f567b0780f2ef66284429874f36cbf1"></iframe> is not clickable at point (603, 25). Other element would receive the click: <input class="slds-input slds-p-vertical--xxx-small slds-p-left--none slds-size--1-of-1 input default input uiInput uiInputTextForAutocomplete uiInput--{remove}" maxlength="100" role="combobox" id="583:0;p" aria-expanded="true" aria-autocomplete="list" type="text" aria-describedby="inputDesktop-assistive-text" aria-haspopup="true" placeholder="Search Salesforce" aria-activedescendant="" title="Search Salesforce" data-aura-rendered-by="607:0;p" data-aura-class="uiInput uiInputTextForAutocomplete uiInput--{remove}" data-interactive-lib-uid="4">
  (Session info: chrome=56.0.2924.87)
  (Driver info: chromedriver=2.27.440174 (e97a722caafc2d3a8b807ee115bfb307f7d2cfd9),platform=Windows NT 6.1.7601 SP1 x86) (WARNING: The server did not provide any stacktrace information)
Command duration or timeout: 172 milliseconds
Build info: version: '2.53.1', revision: 'a36b8b1cd5757287168e54b817830adce9b0158d', time: '2016-06-30 19:26:09'
System info: host: 'SDMQA-S67', ip: '172.24.0.86', os.name: 'Windows 7', os.arch: 'x86', os.version: '6.1', java.version: '1.8.0_66'
Driver info: org.openqa.selenium.chrome.ChromeDriver
Capabilities [{applicationCacheEnabled=false, rotatable=false, mobileEmulationEnabled=false, networkConnectionEnabled=false, chrome={chromedriverVersion=2.27.440174 (e97a722caafc2d3a8b807ee115bfb307f7d2cfd9), userDataDir=C:\Users\vishald\AppData\Local\Temp\scoped_dir7872_16648}, takesHeapSnapshot=true, pageLoadStrategy=normal, databaseEnabled=false, handlesAlerts=true, hasTouchScreen=false, version=56.0.2924.87, platform=XP, browserConnectionEnabled=false, nativeEvents=true, acceptSslCerts=true, locationContextEnabled=true, webStorageEnabled=true, browserName=chrome, takesScreenshot=true, javascriptEnabled=true, cssSelectorsEnabled=true, unexpectedAlertBehaviour=}]
Session ID: f286101f3499f8e228078d4f8f41eebb
	at sun.reflect.NativeConstructorAccessorImpl.newInstance0(Native Method)
	at sun.reflect.NativeConstructorAccessorImpl.newInstance(Unknown Source)
	at sun.reflect.DelegatingConstructorAccessorImpl.newInstance(Unknown Source)
	at java.lang.reflect.Constructor.newInstance(Unknown Source)
	at org.openqa.selenium.remote.ErrorHandler.createThrowable(ErrorHandler.java:206)
	at org.openqa.selenium.remote.ErrorHandler.throwIfResponseFailed(ErrorHandler.java:158)
	at org.openqa.selenium.remote.RemoteWebDriver.execute(RemoteWebDriver.java:678)
	at org.openqa.selenium.remote.RemoteWebElement.execute(RemoteWebElement.java:327)
	at org.openqa.selenium.remote.RemoteWebElement.click(RemoteWebElement.java:85)
	at icix.Utils.Common.GlobalSearch(Common.java:283)
	at icix.Modules.TPGroupCompliance.searchAnythingTest(TPGroupCompliance.java:198)
	at icix.Tests.TC10753_Test.VerifyRequestClosedAfterRemovingRequirement(TC10753_Test.java:36)
	at icix.Tests.TC9666_Test.VerifyRequestClosedAfterRemovingRequirement(TC9666_Test.java:56)
	at sun.reflect.NativeMethodAccessorImpl.invoke0(Native Method)
	at sun.reflect.NativeMethodAccessorImpl.invoke(Unknown Source)
	at sun.reflect.DelegatingMethodAccessorImpl.invoke(Unknown Source)
	at java.lang.reflect.Method.invoke(Unknown Source)
	at org.testng.internal.MethodInvocationHelper.invokeMethod(MethodInvocationHelper.java:86)
	at org.testng.internal.Invoker.invokeMethod(Invoker.java:643)
	at org.testng.internal.Invoker.invokeTestMethod(Invoker.java:820)
	at org.testng.internal.Invoker.invokeTestMethods(Invoker.java:1128)
	at org.testng.internal.TestMethodWorker.invokeTestMethods(TestMethodWorker.java:129)
	at org.testng.internal.TestMethodWorker.run(TestMethodWorker.java:112)
	at org.testng.TestRunner.privateRun(TestRunner.java:782)
	at org.testng.TestRunner.run(TestRunner.java:632)
	at org.testng.SuiteRunner.runTest(SuiteRunner.java:366)
	at org.testng.SuiteRunner.runSequentially(SuiteRunner.java:361)
	at org.testng.SuiteRunner.privateRun(SuiteRunner.java:319)
	at org.testng.SuiteRunner.run(SuiteRunner.java:268)
	at org.testng.SuiteRunnerWorker.runSuite(SuiteRunnerWorker.java:52)
	at org.testng.SuiteRunnerWorker.run(SuiteRunnerWorker.java:86)
	at org.testng.TestNG.runSuitesSequentially(TestNG.java:1244)
	at org.testng.TestNG.runSuitesLocally(TestNG.java:1169)
	at org.testng.TestNG.run(TestNG.java:1064)
	at org.apache.maven.surefire.testng.TestNGExecutor.run(TestNGExecutor.java:217)
	at org.apache.maven.surefire.testng.TestNGXmlTestSuite.execute(TestNGXmlTestSuite.java:84)
	at org.apache.maven.surefire.testng.TestNGProvider.invoke(TestNGProvider.java:92)
	at org.apache.maven.surefire.booter.ForkedBooter.invokeProviderInSameClassLoader(ForkedBooter.java:200)
	at org.apache.maven.surefire.booter.ForkedBooter.runSuitesInProcess(ForkedBooter.java:153)
	at org.apache.maven.surefire.booter.ForkedBooter.main(ForkedBooter.java:103)
]]>
    </error>
  </testcase> <!-- VerifyRequestClosedAfterRemovingRequirement -->
  <testcase name="VerifySendReqAtRespSide" time="213.442" classname="icix.Tests.TC9666_Test"/>
  <testcase name="VerifySendRequirement" time="305.259" classname="icix.Tests.TC9666_Test"/>
</testsuite> <!-- icix.Tests.TC9666_Test -->
